The target system is: Generic -  - 
The host system is: Linux - 5.15.153.1-microsoft-standard-WSL2 - x86_64
Compiling the C compiler identification source file "CMakeCCompilerId.c" succeeded.
Compiler: /home/vicenterey/esp/idf-tools/tools/xtensa-esp-elf/esp-13.2.0_20240305/xtensa-esp-elf/bin/xtensa-esp32-elf-gcc 
Build flags: -mlongcalls;-Wno-frame-address;;-fno-builtin-memcpy;-fno-builtin-memset;-fno-builtin-bzero;-fno-builtin-stpcpy;-fno-builtin-strncpy
Id flags:  

The output was:
0


Compilation of the C compiler identification source "CMakeCCompilerId.c" produced "a.out"

The C compiler identification is GNU, found in "/home/vicenterey/esp/projects_tf/model/person_detection/build/CMakeFiles/3.22.1/CompilerIdC/a.out"

Compiling the CXX compiler identification source file "CMakeCXXCompilerId.cpp" succeeded.
Compiler: /home/vicenterey/esp/idf-tools/tools/xtensa-esp-elf/esp-13.2.0_20240305/xtensa-esp-elf/bin/xtensa-esp32-elf-g++ 
Build flags: -mlongcalls;-Wno-frame-address;;-fno-builtin-memcpy;-fno-builtin-memset;-fno-builtin-bzero;-fno-builtin-stpcpy;-fno-builtin-strncpy
Id flags:  

The output was:
0


Compilation of the CXX compiler identification source "CMakeCXXCompilerId.cpp" produced "a.out"

The CXX compiler identification is GNU, found in "/home/vicenterey/esp/projects_tf/model/person_detection/build/CMakeFiles/3.22.1/CompilerIdCXX/a.out"

Checking whether the ASM compiler is GNU using "--version" matched "(GNU assembler)|(GCC)|(Free Software Foundation)":
xtensa-esp-elf-gcc (crosstool-NG esp-13.2.0_20240305) 13.2.0
Copyright (C) 2023 Free Software Foundation, Inc.
This is free software; see the source for copying conditions.  There is NO
warranty; not even for MERCHANTABILITY or FITNESS FOR A PARTICULAR PURPOSE.

Detecting C compiler ABI info compiled with the following output:
Change Dir: /home/vicenterey/esp/projects_tf/model/person_detection/build/CMakeFiles/CMakeTmp

Run Build Command(s):/usr/bin/gmake -f Makefile cmTC_f5449/fast && /usr/bin/gmake  -f CMakeFiles/cmTC_f5449.dir/build.make CMakeFiles/cmTC_f5449.dir/build
gmake[1]: Entering directory '/home/vicenterey/esp/projects_tf/model/person_detection/build/CMakeFiles/CMakeTmp'
Building C object CMakeFiles/cmTC_f5449.dir/CMakeCCompilerABI.c.obj
/home/vicenterey/esp/idf-tools/tools/xtensa-esp-elf/esp-13.2.0_20240305/xtensa-esp-elf/bin/xtensa-esp32-elf-gcc   -mlongcalls -Wno-frame-address  -fno-builtin-memcpy -fno-builtin-memset -fno-builtin-bzero -fno-builtin-stpcpy -fno-builtin-strncpy    -v -o CMakeFiles/cmTC_f5449.dir/CMakeCCompilerABI.c.obj -c /usr/share/cmake-3.22/Modules/CMakeCCompilerABI.c
Using built-in specs.
COLLECT_GCC=/home/vicenterey/esp/idf-tools/tools/xtensa-esp-elf/esp-13.2.0_20240305/xtensa-esp-elf/bin/xtensa-esp-elf-gcc
Target: xtensa-esp-elf
Configured with: /builds/idf/crosstool-NG/.build/xtensa-esp-elf/src/gcc/configure --build=x86_64-build_pc-linux-gnu --host=x86_64-build_pc-linux-gnu --target=xtensa-esp-elf --prefix=/builds/idf/crosstool-NG/builds/xtensa-esp-elf --exec_prefix=/builds/idf/crosstool-NG/builds/xtensa-esp-elf --with-local-prefix=/builds/idf/crosstool-NG/builds/xtensa-esp-elf/xtensa-esp-elf --with-sysroot=/builds/idf/crosstool-NG/builds/xtensa-esp-elf/xtensa-esp-elf --with-native-system-header-dir=/include --with-newlib --enable-threads=no --disable-shared --with-pkgversion='crosstool-NG esp-13.2.0_20240305' --disable-__cxa_atexit --enable-cxx-flags=-ffunction-sections --disable-libgomp --disable-libmudflap --disable-libmpx --disable-libssp --disable-libquadmath --disable-libquadmath-support --disable-libstdcxx-verbose --with-gmp=/builds/idf/crosstool-NG/.build/xtensa-esp-elf/buildtools --with-mpfr=/builds/idf/crosstool-NG/.build/xtensa-esp-elf/buildtools --with-mpc=/builds/idf/crosstool-NG/.build/xtensa-esp-elf/buildtools --with-isl=/builds/idf/crosstool-NG/.build/xtensa-esp-elf/buildtools --enable-lto --enable-target-optspace --without-long-double-128 --disable-nls --enable-multiarch --enable-languages=c,c++ --disable-libstdcxx-verbose --enable-threads=posix --enable-gcov-custom-rtio --enable-libstdcxx-time=yes
Thread model: posix
Supported LTO compression algorithms: zlib zstd
gcc version 13.2.0 (crosstool-NG esp-13.2.0_20240305) 
COLLECT_GCC_OPTIONS='-mdynconfig=xtensa_esp32.so' '-mlongcalls' '-Wno-frame-address' '-fno-builtin-memcpy' '-fno-builtin-memset' '-fno-builtin-bzero' '-fno-builtin-stpcpy' '-fno-builtin-strncpy' '-v' '-o' 'CMakeFiles/cmTC_f5449.dir/CMakeCCompilerABI.c.obj' '-c' '-dumpdir' 'CMakeFiles/cmTC_f5449.dir/'
 /home/vicenterey/esp/idf-tools/tools/xtensa-esp-elf/esp-13.2.0_20240305/xtensa-esp-elf/bin/../libexec/gcc/xtensa-esp-elf/13.2.0/cc1 -quiet -v -imultilib esp32 -iprefix /home/vicenterey/esp/idf-tools/tools/xtensa-esp-elf/esp-13.2.0_20240305/xtensa-esp-elf/bin/../lib/gcc/xtensa-esp-elf/13.2.0/ -isysroot /home/vicenterey/esp/idf-tools/tools/xtensa-esp-elf/esp-13.2.0_20240305/xtensa-esp-elf/bin/../xtensa-esp-elf /usr/share/cmake-3.22/Modules/CMakeCCompilerABI.c -quiet -dumpdir CMakeFiles/cmTC_f5449.dir/ -dumpbase CMakeCCompilerABI.c.c -dumpbase-ext .c -mdynconfig=xtensa_esp32.so -mlongcalls -Wno-frame-address -version -fno-builtin-memcpy -fno-builtin-memset -fno-builtin-bzero -fno-builtin-stpcpy -fno-builtin-strncpy -o /tmp/ccfJiNCh.s
GNU C17 (crosstool-NG esp-13.2.0_20240305) version 13.2.0 (xtensa-esp-elf)
	compiled by GNU C version 4.9.2, GMP version 6.2.1, MPFR version 4.2.1, MPC version 1.2.1, isl version isl-0.26-GMP

GGC heuristics: --param ggc-min-expand=100 --param ggc-min-heapsize=131072
ignoring duplicate directory "/home/vicenterey/esp/idf-tools/tools/xtensa-esp-elf/esp-13.2.0_20240305/xtensa-esp-elf/bin/../lib/gcc/../../lib/gcc/xtensa-esp-elf/13.2.0/include"
ignoring nonexistent directory "/home/vicenterey/esp/idf-tools/tools/xtensa-esp-elf/esp-13.2.0_20240305/xtensa-esp-elf/bin/../xtensa-esp-elf/builds/idf/crosstool-NG/builds/xtensa-esp-elf/xtensa-esp-elf/include"
ignoring duplicate directory "/home/vicenterey/esp/idf-tools/tools/xtensa-esp-elf/esp-13.2.0_20240305/xtensa-esp-elf/bin/../lib/gcc/../../lib/gcc/xtensa-esp-elf/13.2.0/include-fixed"
ignoring duplicate directory "/home/vicenterey/esp/idf-tools/tools/xtensa-esp-elf/esp-13.2.0_20240305/xtensa-esp-elf/bin/../lib/gcc/../../lib/gcc/xtensa-esp-elf/13.2.0/../../../../xtensa-esp-elf/include"
ignoring duplicate directory "/home/vicenterey/esp/idf-tools/tools/xtensa-esp-elf/esp-13.2.0_20240305/xtensa-esp-elf/bin/../xtensa-esp-elf/include"
#include "..." search starts here:
#include <...> search starts here:
 /home/vicenterey/esp/idf-tools/tools/xtensa-esp-elf/esp-13.2.0_20240305/xtensa-esp-elf/bin/../lib/gcc/xtensa-esp-elf/13.2.0/include
 /home/vicenterey/esp/idf-tools/tools/xtensa-esp-elf/esp-13.2.0_20240305/xtensa-esp-elf/bin/../lib/gcc/xtensa-esp-elf/13.2.0/include-fixed
 /home/vicenterey/esp/idf-tools/tools/xtensa-esp-elf/esp-13.2.0_20240305/xtensa-esp-elf/bin/../lib/gcc/xtensa-esp-elf/13.2.0/../../../../xtensa-esp-elf/include
End of search list.
Compiler executable checksum: 0f6c87f391ecce94e8327ea30134bb3c
COLLECT_GCC_OPTIONS='-mdynconfig=xtensa_esp32.so' '-mlongcalls' '-Wno-frame-address' '-fno-builtin-memcpy' '-fno-builtin-memset' '-fno-builtin-bzero' '-fno-builtin-stpcpy' '-fno-builtin-strncpy' '-v' '-o' 'CMakeFiles/cmTC_f5449.dir/CMakeCCompilerABI.c.obj' '-c' '-dumpdir' 'CMakeFiles/cmTC_f5449.dir/'
 /home/vicenterey/esp/idf-tools/tools/xtensa-esp-elf/esp-13.2.0_20240305/xtensa-esp-elf/bin/../lib/gcc/xtensa-esp-elf/13.2.0/../../../../xtensa-esp-elf/bin/as --traditional-format --longcalls --dynconfig=xtensa_esp32.so -o CMakeFiles/cmTC_f5449.dir/CMakeCCompilerABI.c.obj /tmp/ccfJiNCh.s
COMPILER_PATH=/home/vicenterey/esp/idf-tools/tools/xtensa-esp-elf/esp-13.2.0_20240305/xtensa-esp-elf/bin/../libexec/gcc/xtensa-esp-elf/13.2.0/:/home/vicenterey/esp/idf-tools/tools/xtensa-esp-elf/esp-13.2.0_20240305/xtensa-esp-elf/bin/../libexec/gcc/:/home/vicenterey/esp/idf-tools/tools/xtensa-esp-elf/esp-13.2.0_20240305/xtensa-esp-elf/bin/../lib/gcc/xtensa-esp-elf/13.2.0/../../../../xtensa-esp-elf/bin/
LIBRARY_PATH=/home/vicenterey/esp/idf-tools/tools/xtensa-esp-elf/esp-13.2.0_20240305/xtensa-esp-elf/bin/../lib/gcc/xtensa-esp-elf/13.2.0/esp32/:/home/vicenterey/esp/idf-tools/tools/xtensa-esp-elf/esp-13.2.0_20240305/xtensa-esp-elf/bin/../lib/gcc/xtensa-esp-elf/13.2.0/../../../../xtensa-esp-elf/lib/esp32/:/home/vicenterey/esp/idf-tools/tools/xtensa-esp-elf/esp-13.2.0_20240305/xtensa-esp-elf/bin/../xtensa-esp-elf/lib/esp32/:/home/vicenterey/esp/idf-tools/tools/xtensa-esp-elf/esp-13.2.0_20240305/xtensa-esp-elf/bin/../lib/gcc/xtensa-esp-elf/13.2.0/:/home/vicenterey/esp/idf-tools/tools/xtensa-esp-elf/esp-13.2.0_20240305/xtensa-esp-elf/bin/../lib/gcc/:/home/vicenterey/esp/idf-tools/tools/xtensa-esp-elf/esp-13.2.0_20240305/xtensa-esp-elf/bin/../lib/gcc/xtensa-esp-elf/13.2.0/../../../../xtensa-esp-elf/lib/:/home/vicenterey/esp/idf-tools/tools/xtensa-esp-elf/esp-13.2.0_20240305/xtensa-esp-elf/bin/../xtensa-esp-elf/lib/:/home/vicenterey/esp/idf-tools/tools/xtensa-esp-elf/esp-13.2.0_20240305/xtensa-esp-elf/bin/../xtensa-esp-elf/usr/lib/
COLLECT_GCC_OPTIONS='-mdynconfig=xtensa_esp32.so' '-mlongcalls' '-Wno-frame-address' '-fno-builtin-memcpy' '-fno-builtin-memset' '-fno-builtin-bzero' '-fno-builtin-stpcpy' '-fno-builtin-strncpy' '-v' '-o' 'CMakeFiles/cmTC_f5449.dir/CMakeCCompilerABI.c.obj' '-c' '-dumpdir' 'CMakeFiles/cmTC_f5449.dir/CMakeCCompilerABI.c.'
Linking C executable cmTC_f5449
/usr/bin/cmake -E cmake_link_script CMakeFiles/cmTC_f5449.dir/link.txt --verbose=1
/home/vicenterey/esp/idf-tools/tools/xtensa-esp-elf/esp-13.2.0_20240305/xtensa-esp-elf/bin/xtensa-esp32-elf-gcc -mlongcalls -Wno-frame-address  -fno-builtin-memcpy -fno-builtin-memset -fno-builtin-bzero -fno-builtin-stpcpy -fno-builtin-strncpy   -v CMakeFiles/cmTC_f5449.dir/CMakeCCompilerABI.c.obj -o cmTC_f5449 
Using built-in specs.
COLLECT_GCC=/home/vicenterey/esp/idf-tools/tools/xtensa-esp-elf/esp-13.2.0_20240305/xtensa-esp-elf/bin/xtensa-esp-elf-gcc
COLLECT_LTO_WRAPPER=/home/vicenterey/esp/idf-tools/tools/xtensa-esp-elf/esp-13.2.0_20240305/xtensa-esp-elf/bin/../libexec/gcc/xtensa-esp-elf/13.2.0/lto-wrapper
Target: xtensa-esp-elf
Configured with: /builds/idf/crosstool-NG/.build/xtensa-esp-elf/src/gcc/configure --build=x86_64-build_pc-linux-gnu --host=x86_64-build_pc-linux-gnu --target=xtensa-esp-elf --prefix=/builds/idf/crosstool-NG/builds/xtensa-esp-elf --exec_prefix=/builds/idf/crosstool-NG/builds/xtensa-esp-elf --with-local-prefix=/builds/idf/crosstool-NG/builds/xtensa-esp-elf/xtensa-esp-elf --with-sysroot=/builds/idf/crosstool-NG/builds/xtensa-esp-elf/xtensa-esp-elf --with-native-system-header-dir=/include --with-newlib --enable-threads=no --disable-shared --with-pkgversion='crosstool-NG esp-13.2.0_20240305' --disable-__cxa_atexit --enable-cxx-flags=-ffunction-sections --disable-libgomp --disable-libmudflap --disable-libmpx --disable-libssp --disable-libquadmath --disable-libquadmath-support --disable-libstdcxx-verbose --with-gmp=/builds/idf/crosstool-NG/.build/xtensa-esp-elf/buildtools --with-mpfr=/builds/idf/crosstool-NG/.build/xtensa-esp-elf/buildtools --with-mpc=/builds/idf/crosstool-NG/.build/xtensa-esp-elf/buildtools --with-isl=/builds/idf/crosstool-NG/.build/xtensa-esp-elf/buildtools --enable-lto --enable-target-optspace --without-long-double-128 --disable-nls --enable-multiarch --enable-languages=c,c++ --disable-libstdcxx-verbose --enable-threads=posix --enable-gcov-custom-rtio --enable-libstdcxx-time=yes
Thread model: posix
Supported LTO compression algorithms: zlib zstd
gcc version 13.2.0 (crosstool-NG esp-13.2.0_20240305) 
COMPILER_PATH=/home/vicenterey/esp/idf-tools/tools/xtensa-esp-elf/esp-13.2.0_20240305/xtensa-esp-elf/bin/../libexec/gcc/xtensa-esp-elf/13.2.0/:/home/vicenterey/esp/idf-tools/tools/xtensa-esp-elf/esp-13.2.0_20240305/xtensa-esp-elf/bin/../libexec/gcc/:/home/vicenterey/esp/idf-tools/tools/xtensa-esp-elf/esp-13.2.0_20240305/xtensa-esp-elf/bin/../lib/gcc/xtensa-esp-elf/13.2.0/../../../../xtensa-esp-elf/bin/
LIBRARY_PATH=/home/vicenterey/esp/idf-tools/tools/xtensa-esp-elf/esp-13.2.0_20240305/xtensa-esp-elf/bin/../lib/gcc/xtensa-esp-elf/13.2.0/esp32/:/home/vicenterey/esp/idf-tools/tools/xtensa-esp-elf/esp-13.2.0_20240305/xtensa-esp-elf/bin/../lib/gcc/xtensa-esp-elf/13.2.0/../../../../xtensa-esp-elf/lib/esp32/:/home/vicenterey/esp/idf-tools/tools/xtensa-esp-elf/esp-13.2.0_20240305/xtensa-esp-elf/bin/../xtensa-esp-elf/lib/esp32/:/home/vicenterey/esp/idf-tools/tools/xtensa-esp-elf/esp-13.2.0_20240305/xtensa-esp-elf/bin/../lib/gcc/xtensa-esp-elf/13.2.0/:/home/vicenterey/esp/idf-tools/tools/xtensa-esp-elf/esp-13.2.0_20240305/xtensa-esp-elf/bin/../lib/gcc/:/home/vicenterey/esp/idf-tools/tools/xtensa-esp-elf/esp-13.2.0_20240305/xtensa-esp-elf/bin/../lib/gcc/xtensa-esp-elf/13.2.0/../../../../xtensa-esp-elf/lib/:/home/vicenterey/esp/idf-tools/tools/xtensa-esp-elf/esp-13.2.0_20240305/xtensa-esp-elf/bin/../xtensa-esp-elf/lib/:/home/vicenterey/esp/idf-tools/tools/xtensa-esp-elf/esp-13.2.0_20240305/xtensa-esp-elf/bin/../xtensa-esp-elf/usr/lib/
COLLECT_GCC_OPTIONS='-mdynconfig=xtensa_esp32.so' '-mlongcalls' '-Wno-frame-address' '-fno-builtin-memcpy' '-fno-builtin-memset' '-fno-builtin-bzero' '-fno-builtin-stpcpy' '-fno-builtin-strncpy' '-v' '-o' 'cmTC_f5449' '-dumpdir' 'cmTC_f5449.'
 /home/vicenterey/esp/idf-tools/tools/xtensa-esp-elf/esp-13.2.0_20240305/xtensa-esp-elf/bin/../libexec/gcc/xtensa-esp-elf/13.2.0/collect2 -plugin /home/vicenterey/esp/idf-tools/tools/xtensa-esp-elf/esp-13.2.0_20240305/xtensa-esp-elf/bin/../libexec/gcc/xtensa-esp-elf/13.2.0/liblto_plugin.so -plugin-opt=/home/vicenterey/esp/idf-tools/tools/xtensa-esp-elf/esp-13.2.0_20240305/xtensa-esp-elf/bin/../libexec/gcc/xtensa-esp-elf/13.2.0/lto-wrapper -plugin-opt=-fresolution=/tmp/ccyzhj5E.res -plugin-opt=-pass-through=-lgcc -plugin-opt=-pass-through=-lc -plugin-opt=-pass-through=-lnosys -plugin-opt=-pass-through=-lc -plugin-opt=-pass-through=-lgcc --sysroot=/home/vicenterey/esp/idf-tools/tools/xtensa-esp-elf/esp-13.2.0_20240305/xtensa-esp-elf/bin/../xtensa-esp-elf --dynconfig=xtensa_esp32.so -o cmTC_f5449 /home/vicenterey/esp/idf-tools/tools/xtensa-esp-elf/esp-13.2.0_20240305/xtensa-esp-elf/bin/../lib/gcc/xtensa-esp-elf/13.2.0/../../../../xtensa-esp-elf/lib/esp32/crt0.o /home/vicenterey/esp/idf-tools/tools/xtensa-esp-elf/esp-13.2.0_20240305/xtensa-esp-elf/bin/../lib/gcc/xtensa-esp-elf/13.2.0/esp32/crti.o /home/vicenterey/esp/idf-tools/tools/xtensa-esp-elf/esp-13.2.0_20240305/xtensa-esp-elf/bin/../lib/gcc/xtensa-esp-elf/13.2.0/esp32/crtbegin.o -L/home/vicenterey/esp/idf-tools/tools/xtensa-esp-elf/esp-13.2.0_20240305/xtensa-esp-elf/bin/../lib/gcc/xtensa-esp-elf/13.2.0/esp32 -L/home/vicenterey/esp/idf-tools/tools/xtensa-esp-elf/esp-13.2.0_20240305/xtensa-esp-elf/bin/../lib/gcc/xtensa-esp-elf/13.2.0/../../../../xtensa-esp-elf/lib/esp32 -L/home/vicenterey/esp/idf-tools/tools/xtensa-esp-elf/esp-13.2.0_20240305/xtensa-esp-elf/bin/../xtensa-esp-elf/lib/esp32 -L/home/vicenterey/esp/idf-tools/tools/xtensa-esp-elf/esp-13.2.0_20240305/xtensa-esp-elf/bin/../lib/gcc/xtensa-esp-elf/13.2.0 -L/home/vicenterey/esp/idf-tools/tools/xtensa-esp-elf/esp-13.2.0_20240305/xtensa-esp-elf/bin/../lib/gcc -L/home/vicenterey/esp/idf-tools/tools/xtensa-esp-elf/esp-13.2.0_20240305/xtensa-esp-elf/bin/../lib/gcc/xtensa-esp-elf/13.2.0/../../../../xtensa-esp-elf/lib -L/home/vicenterey/esp/idf-tools/tools/xtensa-esp-elf/esp-13.2.0_20240305/xtensa-esp-elf/bin/../xtensa-esp-elf/lib -L/home/vicenterey/esp/idf-tools/tools/xtensa-esp-elf/esp-13.2.0_20240305/xtensa-esp-elf/bin/../xtensa-esp-elf/usr/lib CMakeFiles/cmTC_f5449.dir/CMakeCCompilerABI.c.obj -lgcc -lc -lnosys -lc -lgcc /home/vicenterey/esp/idf-tools/tools/xtensa-esp-elf/esp-13.2.0_20240305/xtensa-esp-elf/bin/../lib/gcc/xtensa-esp-elf/13.2.0/esp32/crtend.o /home/vicenterey/esp/idf-tools/tools/xtensa-esp-elf/esp-13.2.0_20240305/xtensa-esp-elf/bin/../lib/gcc/xtensa-esp-elf/13.2.0/esp32/crtn.o
COLLECT_GCC_OPTIONS='-mdynconfig=xtensa_esp32.so' '-mlongcalls' '-Wno-frame-address' '-fno-builtin-memcpy' '-fno-builtin-memset' '-fno-builtin-bzero' '-fno-builtin-stpcpy' '-fno-builtin-strncpy' '-v' '-o' 'cmTC_f5449' '-dumpdir' 'cmTC_f5449.'
gmake[1]: Leaving directory '/home/vicenterey/esp/projects_tf/model/person_detection/build/CMakeFiles/CMakeTmp'



Parsed C implicit include dir info from above output: rv=done
  found start of include info
  found start of implicit include info
    add: [/home/vicenterey/esp/idf-tools/tools/xtensa-esp-elf/esp-13.2.0_20240305/xtensa-esp-elf/bin/../lib/gcc/xtensa-esp-elf/13.2.0/include]
    add: [/home/vicenterey/esp/idf-tools/tools/xtensa-esp-elf/esp-13.2.0_20240305/xtensa-esp-elf/bin/../lib/gcc/xtensa-esp-elf/13.2.0/include-fixed]
    add: [/home/vicenterey/esp/idf-tools/tools/xtensa-esp-elf/esp-13.2.0_20240305/xtensa-esp-elf/bin/../lib/gcc/xtensa-esp-elf/13.2.0/../../../../xtensa-esp-elf/include]
  end of search list found
  collapse include dir [/home/vicenterey/esp/idf-tools/tools/xtensa-esp-elf/esp-13.2.0_20240305/xtensa-esp-elf/bin/../lib/gcc/xtensa-esp-elf/13.2.0/include] ==> [/home/vicenterey/esp/idf-tools/tools/xtensa-esp-elf/esp-13.2.0_20240305/xtensa-esp-elf/lib/gcc/xtensa-esp-elf/13.2.0/include]
  collapse include dir [/home/vicenterey/esp/idf-tools/tools/xtensa-esp-elf/esp-13.2.0_20240305/xtensa-esp-elf/bin/../lib/gcc/xtensa-esp-elf/13.2.0/include-fixed] ==> [/home/vicenterey/esp/idf-tools/tools/xtensa-esp-elf/esp-13.2.0_20240305/xtensa-esp-elf/lib/gcc/xtensa-esp-elf/13.2.0/include-fixed]
  collapse include dir [/home/vicenterey/esp/idf-tools/tools/xtensa-esp-elf/esp-13.2.0_20240305/xtensa-esp-elf/bin/../lib/gcc/xtensa-esp-elf/13.2.0/../../../../xtensa-esp-elf/include] ==> [/home/vicenterey/esp/idf-tools/tools/xtensa-esp-elf/esp-13.2.0_20240305/xtensa-esp-elf/xtensa-esp-elf/include]
  implicit include dirs: [/home/vicenterey/esp/idf-tools/tools/xtensa-esp-elf/esp-13.2.0_20240305/xtensa-esp-elf/lib/gcc/xtensa-esp-elf/13.2.0/include;/home/vicenterey/esp/idf-tools/tools/xtensa-esp-elf/esp-13.2.0_20240305/xtensa-esp-elf/lib/gcc/xtensa-esp-elf/13.2.0/include-fixed;/home/vicenterey/esp/idf-tools/tools/xtensa-esp-elf/esp-13.2.0_20240305/xtensa-esp-elf/xtensa-esp-elf/include]


Parsed C implicit link information from above output:
  link line regex: [^( *|.*[/\])(xtensa-esp32-elf-ld|CMAKE_LINK_STARTFILE-NOTFOUND|([^/\]+-)?ld|collect2)[^/\]*( |$)]
  ignore line: [Change Dir: /home/vicenterey/esp/projects_tf/model/person_detection/build/CMakeFiles/CMakeTmp]
  ignore line: []
  ignore line: [Run Build Command(s):/usr/bin/gmake -f Makefile cmTC_f5449/fast && /usr/bin/gmake  -f CMakeFiles/cmTC_f5449.dir/build.make CMakeFiles/cmTC_f5449.dir/build]
  ignore line: [gmake[1]: Entering directory '/home/vicenterey/esp/projects_tf/model/person_detection/build/CMakeFiles/CMakeTmp']
  ignore line: [Building C object CMakeFiles/cmTC_f5449.dir/CMakeCCompilerABI.c.obj]
  ignore line: [/home/vicenterey/esp/idf-tools/tools/xtensa-esp-elf/esp-13.2.0_20240305/xtensa-esp-elf/bin/xtensa-esp32-elf-gcc   -mlongcalls -Wno-frame-address  -fno-builtin-memcpy -fno-builtin-memset -fno-builtin-bzero -fno-builtin-stpcpy -fno-builtin-strncpy    -v -o CMakeFiles/cmTC_f5449.dir/CMakeCCompilerABI.c.obj -c /usr/share/cmake-3.22/Modules/CMakeCCompilerABI.c]
  ignore line: [Using built-in specs.]
  ignore line: [COLLECT_GCC=/home/vicenterey/esp/idf-tools/tools/xtensa-esp-elf/esp-13.2.0_20240305/xtensa-esp-elf/bin/xtensa-esp-elf-gcc]
  ignore line: [Target: xtensa-esp-elf]
  ignore line: [Configured with: /builds/idf/crosstool-NG/.build/xtensa-esp-elf/src/gcc/configure --build=x86_64-build_pc-linux-gnu --host=x86_64-build_pc-linux-gnu --target=xtensa-esp-elf --prefix=/builds/idf/crosstool-NG/builds/xtensa-esp-elf --exec_prefix=/builds/idf/crosstool-NG/builds/xtensa-esp-elf --with-local-prefix=/builds/idf/crosstool-NG/builds/xtensa-esp-elf/xtensa-esp-elf --with-sysroot=/builds/idf/crosstool-NG/builds/xtensa-esp-elf/xtensa-esp-elf --with-native-system-header-dir=/include --with-newlib --enable-threads=no --disable-shared --with-pkgversion='crosstool-NG esp-13.2.0_20240305' --disable-__cxa_atexit --enable-cxx-flags=-ffunction-sections --disable-libgomp --disable-libmudflap --disable-libmpx --disable-libssp --disable-libquadmath --disable-libquadmath-support --disable-libstdcxx-verbose --with-gmp=/builds/idf/crosstool-NG/.build/xtensa-esp-elf/buildtools --with-mpfr=/builds/idf/crosstool-NG/.build/xtensa-esp-elf/buildtools --with-mpc=/builds/idf/crosstool-NG/.build/xtensa-esp-elf/buildtools --with-isl=/builds/idf/crosstool-NG/.build/xtensa-esp-elf/buildtools --enable-lto --enable-target-optspace --without-long-double-128 --disable-nls --enable-multiarch --enable-languages=c c++ --disable-libstdcxx-verbose --enable-threads=posix --enable-gcov-custom-rtio --enable-libstdcxx-time=yes]
  ignore line: [Thread model: posix]
  ignore line: [Supported LTO compression algorithms: zlib zstd]
  ignore line: [gcc version 13.2.0 (crosstool-NG esp-13.2.0_20240305) ]
  ignore line: [COLLECT_GCC_OPTIONS='-mdynconfig=xtensa_esp32.so' '-mlongcalls' '-Wno-frame-address' '-fno-builtin-memcpy' '-fno-builtin-memset' '-fno-builtin-bzero' '-fno-builtin-stpcpy' '-fno-builtin-strncpy' '-v' '-o' 'CMakeFiles/cmTC_f5449.dir/CMakeCCompilerABI.c.obj' '-c' '-dumpdir' 'CMakeFiles/cmTC_f5449.dir/']
  ignore line: [ /home/vicenterey/esp/idf-tools/tools/xtensa-esp-elf/esp-13.2.0_20240305/xtensa-esp-elf/bin/../libexec/gcc/xtensa-esp-elf/13.2.0/cc1 -quiet -v -imultilib esp32 -iprefix /home/vicenterey/esp/idf-tools/tools/xtensa-esp-elf/esp-13.2.0_20240305/xtensa-esp-elf/bin/../lib/gcc/xtensa-esp-elf/13.2.0/ -isysroot /home/vicenterey/esp/idf-tools/tools/xtensa-esp-elf/esp-13.2.0_20240305/xtensa-esp-elf/bin/../xtensa-esp-elf /usr/share/cmake-3.22/Modules/CMakeCCompilerABI.c -quiet -dumpdir CMakeFiles/cmTC_f5449.dir/ -dumpbase CMakeCCompilerABI.c.c -dumpbase-ext .c -mdynconfig=xtensa_esp32.so -mlongcalls -Wno-frame-address -version -fno-builtin-memcpy -fno-builtin-memset -fno-builtin-bzero -fno-builtin-stpcpy -fno-builtin-strncpy -o /tmp/ccfJiNCh.s]
  ignore line: [GNU C17 (crosstool-NG esp-13.2.0_20240305) version 13.2.0 (xtensa-esp-elf)]
  ignore line: [	compiled by GNU C version 4.9.2  GMP version 6.2.1  MPFR version 4.2.1  MPC version 1.2.1  isl version isl-0.26-GMP]
  ignore line: []
  ignore line: [GGC heuristics: --param ggc-min-expand=100 --param ggc-min-heapsize=131072]
  ignore line: [ignoring duplicate directory "/home/vicenterey/esp/idf-tools/tools/xtensa-esp-elf/esp-13.2.0_20240305/xtensa-esp-elf/bin/../lib/gcc/../../lib/gcc/xtensa-esp-elf/13.2.0/include"]
  ignore line: [ignoring nonexistent directory "/home/vicenterey/esp/idf-tools/tools/xtensa-esp-elf/esp-13.2.0_20240305/xtensa-esp-elf/bin/../xtensa-esp-elf/builds/idf/crosstool-NG/builds/xtensa-esp-elf/xtensa-esp-elf/include"]
  ignore line: [ignoring duplicate directory "/home/vicenterey/esp/idf-tools/tools/xtensa-esp-elf/esp-13.2.0_20240305/xtensa-esp-elf/bin/../lib/gcc/../../lib/gcc/xtensa-esp-elf/13.2.0/include-fixed"]
  ignore line: [ignoring duplicate directory "/home/vicenterey/esp/idf-tools/tools/xtensa-esp-elf/esp-13.2.0_20240305/xtensa-esp-elf/bin/../lib/gcc/../../lib/gcc/xtensa-esp-elf/13.2.0/../../../../xtensa-esp-elf/include"]
  ignore line: [ignoring duplicate directory "/home/vicenterey/esp/idf-tools/tools/xtensa-esp-elf/esp-13.2.0_20240305/xtensa-esp-elf/bin/../xtensa-esp-elf/include"]
  ignore line: [#include "..." search starts here:]
  ignore line: [#include <...> search starts here:]
  ignore line: [ /home/vicenterey/esp/idf-tools/tools/xtensa-esp-elf/esp-13.2.0_20240305/xtensa-esp-elf/bin/../lib/gcc/xtensa-esp-elf/13.2.0/include]
  ignore line: [ /home/vicenterey/esp/idf-tools/tools/xtensa-esp-elf/esp-13.2.0_20240305/xtensa-esp-elf/bin/../lib/gcc/xtensa-esp-elf/13.2.0/include-fixed]
  ignore line: [ /home/vicenterey/esp/idf-tools/tools/xtensa-esp-elf/esp-13.2.0_20240305/xtensa-esp-elf/bin/../lib/gcc/xtensa-esp-elf/13.2.0/../../../../xtensa-esp-elf/include]
  ignore line: [End of search list.]
  ignore line: [Compiler executable checksum: 0f6c87f391ecce94e8327ea30134bb3c]
  ignore line: [COLLECT_GCC_OPTIONS='-mdynconfig=xtensa_esp32.so' '-mlongcalls' '-Wno-frame-address' '-fno-builtin-memcpy' '-fno-builtin-memset' '-fno-builtin-bzero' '-fno-builtin-stpcpy' '-fno-builtin-strncpy' '-v' '-o' 'CMakeFiles/cmTC_f5449.dir/CMakeCCompilerABI.c.obj' '-c' '-dumpdir' 'CMakeFiles/cmTC_f5449.dir/']
  ignore line: [ /home/vicenterey/esp/idf-tools/tools/xtensa-esp-elf/esp-13.2.0_20240305/xtensa-esp-elf/bin/../lib/gcc/xtensa-esp-elf/13.2.0/../../../../xtensa-esp-elf/bin/as --traditional-format --longcalls --dynconfig=xtensa_esp32.so -o CMakeFiles/cmTC_f5449.dir/CMakeCCompilerABI.c.obj /tmp/ccfJiNCh.s]
  ignore line: [COMPILER_PATH=/home/vicenterey/esp/idf-tools/tools/xtensa-esp-elf/esp-13.2.0_20240305/xtensa-esp-elf/bin/../libexec/gcc/xtensa-esp-elf/13.2.0/:/home/vicenterey/esp/idf-tools/tools/xtensa-esp-elf/esp-13.2.0_20240305/xtensa-esp-elf/bin/../libexec/gcc/:/home/vicenterey/esp/idf-tools/tools/xtensa-esp-elf/esp-13.2.0_20240305/xtensa-esp-elf/bin/../lib/gcc/xtensa-esp-elf/13.2.0/../../../../xtensa-esp-elf/bin/]
  ignore line: [LIBRARY_PATH=/home/vicenterey/esp/idf-tools/tools/xtensa-esp-elf/esp-13.2.0_20240305/xtensa-esp-elf/bin/../lib/gcc/xtensa-esp-elf/13.2.0/esp32/:/home/vicenterey/esp/idf-tools/tools/xtensa-esp-elf/esp-13.2.0_20240305/xtensa-esp-elf/bin/../lib/gcc/xtensa-esp-elf/13.2.0/../../../../xtensa-esp-elf/lib/esp32/:/home/vicenterey/esp/idf-tools/tools/xtensa-esp-elf/esp-13.2.0_20240305/xtensa-esp-elf/bin/../xtensa-esp-elf/lib/esp32/:/home/vicenterey/esp/idf-tools/tools/xtensa-esp-elf/esp-13.2.0_20240305/xtensa-esp-elf/bin/../lib/gcc/xtensa-esp-elf/13.2.0/:/home/vicenterey/esp/idf-tools/tools/xtensa-esp-elf/esp-13.2.0_20240305/xtensa-esp-elf/bin/../lib/gcc/:/home/vicenterey/esp/idf-tools/tools/xtensa-esp-elf/esp-13.2.0_20240305/xtensa-esp-elf/bin/../lib/gcc/xtensa-esp-elf/13.2.0/../../../../xtensa-esp-elf/lib/:/home/vicenterey/esp/idf-tools/tools/xtensa-esp-elf/esp-13.2.0_20240305/xtensa-esp-elf/bin/../xtensa-esp-elf/lib/:/home/vicenterey/esp/idf-tools/tools/xtensa-esp-elf/esp-13.2.0_20240305/xtensa-esp-elf/bin/../xtensa-esp-elf/usr/lib/]
  ignore line: [COLLECT_GCC_OPTIONS='-mdynconfig=xtensa_esp32.so' '-mlongcalls' '-Wno-frame-address' '-fno-builtin-memcpy' '-fno-builtin-memset' '-fno-builtin-bzero' '-fno-builtin-stpcpy' '-fno-builtin-strncpy' '-v' '-o' 'CMakeFiles/cmTC_f5449.dir/CMakeCCompilerABI.c.obj' '-c' '-dumpdir' 'CMakeFiles/cmTC_f5449.dir/CMakeCCompilerABI.c.']
  ignore line: [Linking C executable cmTC_f5449]
  ignore line: [/usr/bin/cmake -E cmake_link_script CMakeFiles/cmTC_f5449.dir/link.txt --verbose=1]
  ignore line: [/home/vicenterey/esp/idf-tools/tools/xtensa-esp-elf/esp-13.2.0_20240305/xtensa-esp-elf/bin/xtensa-esp32-elf-gcc -mlongcalls -Wno-frame-address  -fno-builtin-memcpy -fno-builtin-memset -fno-builtin-bzero -fno-builtin-stpcpy -fno-builtin-strncpy   -v CMakeFiles/cmTC_f5449.dir/CMakeCCompilerABI.c.obj -o cmTC_f5449 ]
  ignore line: [Using built-in specs.]
  ignore line: [COLLECT_GCC=/home/vicenterey/esp/idf-tools/tools/xtensa-esp-elf/esp-13.2.0_20240305/xtensa-esp-elf/bin/xtensa-esp-elf-gcc]
  ignore line: [COLLECT_LTO_WRAPPER=/home/vicenterey/esp/idf-tools/tools/xtensa-esp-elf/esp-13.2.0_20240305/xtensa-esp-elf/bin/../libexec/gcc/xtensa-esp-elf/13.2.0/lto-wrapper]
  ignore line: [Target: xtensa-esp-elf]
  ignore line: [Configured with: /builds/idf/crosstool-NG/.build/xtensa-esp-elf/src/gcc/configure --build=x86_64-build_pc-linux-gnu --host=x86_64-build_pc-linux-gnu --target=xtensa-esp-elf --prefix=/builds/idf/crosstool-NG/builds/xtensa-esp-elf --exec_prefix=/builds/idf/crosstool-NG/builds/xtensa-esp-elf --with-local-prefix=/builds/idf/crosstool-NG/builds/xtensa-esp-elf/xtensa-esp-elf --with-sysroot=/builds/idf/crosstool-NG/builds/xtensa-esp-elf/xtensa-esp-elf --with-native-system-header-dir=/include --with-newlib --enable-threads=no --disable-shared --with-pkgversion='crosstool-NG esp-13.2.0_20240305' --disable-__cxa_atexit --enable-cxx-flags=-ffunction-sections --disable-libgomp --disable-libmudflap --disable-libmpx --disable-libssp --disable-libquadmath --disable-libquadmath-support --disable-libstdcxx-verbose --with-gmp=/builds/idf/crosstool-NG/.build/xtensa-esp-elf/buildtools --with-mpfr=/builds/idf/crosstool-NG/.build/xtensa-esp-elf/buildtools --with-mpc=/builds/idf/crosstool-NG/.build/xtensa-esp-elf/buildtools --with-isl=/builds/idf/crosstool-NG/.build/xtensa-esp-elf/buildtools --enable-lto --enable-target-optspace --without-long-double-128 --disable-nls --enable-multiarch --enable-languages=c c++ --disable-libstdcxx-verbose --enable-threads=posix --enable-gcov-custom-rtio --enable-libstdcxx-time=yes]
  ignore line: [Thread model: posix]
  ignore line: [Supported LTO compression algorithms: zlib zstd]
  ignore line: [gcc version 13.2.0 (crosstool-NG esp-13.2.0_20240305) ]
  ignore line: [COMPILER_PATH=/home/vicenterey/esp/idf-tools/tools/xtensa-esp-elf/esp-13.2.0_20240305/xtensa-esp-elf/bin/../libexec/gcc/xtensa-esp-elf/13.2.0/:/home/vicenterey/esp/idf-tools/tools/xtensa-esp-elf/esp-13.2.0_20240305/xtensa-esp-elf/bin/../libexec/gcc/:/home/vicenterey/esp/idf-tools/tools/xtensa-esp-elf/esp-13.2.0_20240305/xtensa-esp-elf/bin/../lib/gcc/xtensa-esp-elf/13.2.0/../../../../xtensa-esp-elf/bin/]
  ignore line: [LIBRARY_PATH=/home/vicenterey/esp/idf-tools/tools/xtensa-esp-elf/esp-13.2.0_20240305/xtensa-esp-elf/bin/../lib/gcc/xtensa-esp-elf/13.2.0/esp32/:/home/vicenterey/esp/idf-tools/tools/xtensa-esp-elf/esp-13.2.0_20240305/xtensa-esp-elf/bin/../lib/gcc/xtensa-esp-elf/13.2.0/../../../../xtensa-esp-elf/lib/esp32/:/home/vicenterey/esp/idf-tools/tools/xtensa-esp-elf/esp-13.2.0_20240305/xtensa-esp-elf/bin/../xtensa-esp-elf/lib/esp32/:/home/vicenterey/esp/idf-tools/tools/xtensa-esp-elf/esp-13.2.0_20240305/xtensa-esp-elf/bin/../lib/gcc/xtensa-esp-elf/13.2.0/:/home/vicenterey/esp/idf-tools/tools/xtensa-esp-elf/esp-13.2.0_20240305/xtensa-esp-elf/bin/../lib/gcc/:/home/vicenterey/esp/idf-tools/tools/xtensa-esp-elf/esp-13.2.0_20240305/xtensa-esp-elf/bin/../lib/gcc/xtensa-esp-elf/13.2.0/../../../../xtensa-esp-elf/lib/:/home/vicenterey/esp/idf-tools/tools/xtensa-esp-elf/esp-13.2.0_20240305/xtensa-esp-elf/bin/../xtensa-esp-elf/lib/:/home/vicenterey/esp/idf-tools/tools/xtensa-esp-elf/esp-13.2.0_20240305/xtensa-esp-elf/bin/../xtensa-esp-elf/usr/lib/]
  ignore line: [COLLECT_GCC_OPTIONS='-mdynconfig=xtensa_esp32.so' '-mlongcalls' '-Wno-frame-address' '-fno-builtin-memcpy' '-fno-builtin-memset' '-fno-builtin-bzero' '-fno-builtin-stpcpy' '-fno-builtin-strncpy' '-v' '-o' 'cmTC_f5449' '-dumpdir' 'cmTC_f5449.']
  link line: [ /home/vicenterey/esp/idf-tools/tools/xtensa-esp-elf/esp-13.2.0_20240305/xtensa-esp-elf/bin/../libexec/gcc/xtensa-esp-elf/13.2.0/collect2 -plugin /home/vicenterey/esp/idf-tools/tools/xtensa-esp-elf/esp-13.2.0_20240305/xtensa-esp-elf/bin/../libexec/gcc/xtensa-esp-elf/13.2.0/liblto_plugin.so -plugin-opt=/home/vicenterey/esp/idf-tools/tools/xtensa-esp-elf/esp-13.2.0_20240305/xtensa-esp-elf/bin/../libexec/gcc/xtensa-esp-elf/13.2.0/lto-wrapper -plugin-opt=-fresolution=/tmp/ccyzhj5E.res -plugin-opt=-pass-through=-lgcc -plugin-opt=-pass-through=-lc -plugin-opt=-pass-through=-lnosys -plugin-opt=-pass-through=-lc -plugin-opt=-pass-through=-lgcc --sysroot=/home/vicenterey/esp/idf-tools/tools/xtensa-esp-elf/esp-13.2.0_20240305/xtensa-esp-elf/bin/../xtensa-esp-elf --dynconfig=xtensa_esp32.so -o cmTC_f5449 /home/vicenterey/esp/idf-tools/tools/xtensa-esp-elf/esp-13.2.0_20240305/xtensa-esp-elf/bin/../lib/gcc/xtensa-esp-elf/13.2.0/../../../../xtensa-esp-elf/lib/esp32/crt0.o /home/vicenterey/esp/idf-tools/tools/xtensa-esp-elf/esp-13.2.0_20240305/xtensa-esp-elf/bin/../lib/gcc/xtensa-esp-elf/13.2.0/esp32/crti.o /home/vicenterey/esp/idf-tools/tools/xtensa-esp-elf/esp-13.2.0_20240305/xtensa-esp-elf/bin/../lib/gcc/xtensa-esp-elf/13.2.0/esp32/crtbegin.o -L/home/vicenterey/esp/idf-tools/tools/xtensa-esp-elf/esp-13.2.0_20240305/xtensa-esp-elf/bin/../lib/gcc/xtensa-esp-elf/13.2.0/esp32 -L/home/vicenterey/esp/idf-tools/tools/xtensa-esp-elf/esp-13.2.0_20240305/xtensa-esp-elf/bin/../lib/gcc/xtensa-esp-elf/13.2.0/../../../../xtensa-esp-elf/lib/esp32 -L/home/vicenterey/esp/idf-tools/tools/xtensa-esp-elf/esp-13.2.0_20240305/xtensa-esp-elf/bin/../xtensa-esp-elf/lib/esp32 -L/home/vicenterey/esp/idf-tools/tools/xtensa-esp-elf/esp-13.2.0_20240305/xtensa-esp-elf/bin/../lib/gcc/xtensa-esp-elf/13.2.0 -L/home/vicenterey/esp/idf-tools/tools/xtensa-esp-elf/esp-13.2.0_20240305/xtensa-esp-elf/bin/../lib/gcc -L/home/vicenterey/esp/idf-tools/tools/xtensa-esp-elf/esp-13.2.0_20240305/xtensa-esp-elf/bin/../lib/gcc/xtensa-esp-elf/13.2.0/../../../../xtensa-esp-elf/lib -L/home/vicenterey/esp/idf-tools/tools/xtensa-esp-elf/esp-13.2.0_20240305/xtensa-esp-elf/bin/../xtensa-esp-elf/lib -L/home/vicenterey/esp/idf-tools/tools/xtensa-esp-elf/esp-13.2.0_20240305/xtensa-esp-elf/bin/../xtensa-esp-elf/usr/lib CMakeFiles/cmTC_f5449.dir/CMakeCCompilerABI.c.obj -lgcc -lc -lnosys -lc -lgcc /home/vicenterey/esp/idf-tools/tools/xtensa-esp-elf/esp-13.2.0_20240305/xtensa-esp-elf/bin/../lib/gcc/xtensa-esp-elf/13.2.0/esp32/crtend.o /home/vicenterey/esp/idf-tools/tools/xtensa-esp-elf/esp-13.2.0_20240305/xtensa-esp-elf/bin/../lib/gcc/xtensa-esp-elf/13.2.0/esp32/crtn.o]
    arg [/home/vicenterey/esp/idf-tools/tools/xtensa-esp-elf/esp-13.2.0_20240305/xtensa-esp-elf/bin/../libexec/gcc/xtensa-esp-elf/13.2.0/collect2] ==> ignore
    arg [-plugin] ==> ignore
    arg [/home/vicenterey/esp/idf-tools/tools/xtensa-esp-elf/esp-13.2.0_20240305/xtensa-esp-elf/bin/../libexec/gcc/xtensa-esp-elf/13.2.0/liblto_plugin.so] ==> ignore
    arg [-plugin-opt=/home/vicenterey/esp/idf-tools/tools/xtensa-esp-elf/esp-13.2.0_20240305/xtensa-esp-elf/bin/../libexec/gcc/xtensa-esp-elf/13.2.0/lto-wrapper] ==> ignore
    arg [-plugin-opt=-fresolution=/tmp/ccyzhj5E.res] ==> ignore
    arg [-plugin-opt=-pass-through=-lgcc] ==> ignore
    arg [-plugin-opt=-pass-through=-lc] ==> ignore
    arg [-plugin-opt=-pass-through=-lnosys] ==> ignore
    arg [-plugin-opt=-pass-through=-lc] ==> ignore
    arg [-plugin-opt=-pass-through=-lgcc] ==> ignore
    arg [--sysroot=/home/vicenterey/esp/idf-tools/tools/xtensa-esp-elf/esp-13.2.0_20240305/xtensa-esp-elf/bin/../xtensa-esp-elf] ==> ignore
    arg [--dynconfig=xtensa_esp32.so] ==> ignore
    arg [-o] ==> ignore
    arg [cmTC_f5449] ==> ignore
    arg [/home/vicenterey/esp/idf-tools/tools/xtensa-esp-elf/esp-13.2.0_20240305/xtensa-esp-elf/bin/../lib/gcc/xtensa-esp-elf/13.2.0/../../../../xtensa-esp-elf/lib/esp32/crt0.o] ==> obj [/home/vicenterey/esp/idf-tools/tools/xtensa-esp-elf/esp-13.2.0_20240305/xtensa-esp-elf/bin/../lib/gcc/xtensa-esp-elf/13.2.0/../../../../xtensa-esp-elf/lib/esp32/crt0.o]
    arg [/home/vicenterey/esp/idf-tools/tools/xtensa-esp-elf/esp-13.2.0_20240305/xtensa-esp-elf/bin/../lib/gcc/xtensa-esp-elf/13.2.0/esp32/crti.o] ==> obj [/home/vicenterey/esp/idf-tools/tools/xtensa-esp-elf/esp-13.2.0_20240305/xtensa-esp-elf/bin/../lib/gcc/xtensa-esp-elf/13.2.0/esp32/crti.o]
    arg [/home/vicenterey/esp/idf-tools/tools/xtensa-esp-elf/esp-13.2.0_20240305/xtensa-esp-elf/bin/../lib/gcc/xtensa-esp-elf/13.2.0/esp32/crtbegin.o] ==> obj [/home/vicenterey/esp/idf-tools/tools/xtensa-esp-elf/esp-13.2.0_20240305/xtensa-esp-elf/bin/../lib/gcc/xtensa-esp-elf/13.2.0/esp32/crtbegin.o]
    arg [-L/home/vicenterey/esp/idf-tools/tools/xtensa-esp-elf/esp-13.2.0_20240305/xtensa-esp-elf/bin/../lib/gcc/xtensa-esp-elf/13.2.0/esp32] ==> dir [/home/vicenterey/esp/idf-tools/tools/xtensa-esp-elf/esp-13.2.0_20240305/xtensa-esp-elf/bin/../lib/gcc/xtensa-esp-elf/13.2.0/esp32]
    arg [-L/home/vicenterey/esp/idf-tools/tools/xtensa-esp-elf/esp-13.2.0_20240305/xtensa-esp-elf/bin/../lib/gcc/xtensa-esp-elf/13.2.0/../../../../xtensa-esp-elf/lib/esp32] ==> dir [/home/vicenterey/esp/idf-tools/tools/xtensa-esp-elf/esp-13.2.0_20240305/xtensa-esp-elf/bin/../lib/gcc/xtensa-esp-elf/13.2.0/../../../../xtensa-esp-elf/lib/esp32]
    arg [-L/home/vicenterey/esp/idf-tools/tools/xtensa-esp-elf/esp-13.2.0_20240305/xtensa-esp-elf/bin/../xtensa-esp-elf/lib/esp32] ==> dir [/home/vicenterey/esp/idf-tools/tools/xtensa-esp-elf/esp-13.2.0_20240305/xtensa-esp-elf/bin/../xtensa-esp-elf/lib/esp32]
    arg [-L/home/vicenterey/esp/idf-tools/tools/xtensa-esp-elf/esp-13.2.0_20240305/xtensa-esp-elf/bin/../lib/gcc/xtensa-esp-elf/13.2.0] ==> dir [/home/vicenterey/esp/idf-tools/tools/xtensa-esp-elf/esp-13.2.0_20240305/xtensa-esp-elf/bin/../lib/gcc/xtensa-esp-elf/13.2.0]
    arg [-L/home/vicenterey/esp/idf-tools/tools/xtensa-esp-elf/esp-13.2.0_20240305/xtensa-esp-elf/bin/../lib/gcc] ==> dir [/home/vicenterey/esp/idf-tools/tools/xtensa-esp-elf/esp-13.2.0_20240305/xtensa-esp-elf/bin/../lib/gcc]
    arg [-L/home/vicenterey/esp/idf-tools/tools/xtensa-esp-elf/esp-13.2.0_20240305/xtensa-esp-elf/bin/../lib/gcc/xtensa-esp-elf/13.2.0/../../../../xtensa-esp-elf/lib] ==> dir [/home/vicenterey/esp/idf-tools/tools/xtensa-esp-elf/esp-13.2.0_20240305/xtensa-esp-elf/bin/../lib/gcc/xtensa-esp-elf/13.2.0/../../../../xtensa-esp-elf/lib]
    arg [-L/home/vicenterey/esp/idf-tools/tools/xtensa-esp-elf/esp-13.2.0_20240305/xtensa-esp-elf/bin/../xtensa-esp-elf/lib] ==> dir [/home/vicenterey/esp/idf-tools/tools/xtensa-esp-elf/esp-13.2.0_20240305/xtensa-esp-elf/bin/../xtensa-esp-elf/lib]
    arg [-L/home/vicenterey/esp/idf-tools/tools/xtensa-esp-elf/esp-13.2.0_20240305/xtensa-esp-elf/bin/../xtensa-esp-elf/usr/lib] ==> dir [/home/vicenterey/esp/idf-tools/tools/xtensa-esp-elf/esp-13.2.0_20240305/xtensa-esp-elf/bin/../xtensa-esp-elf/usr/lib]
    arg [CMakeFiles/cmTC_f5449.dir/CMakeCCompilerABI.c.obj] ==> ignore
    arg [-lgcc] ==> lib [gcc]
    arg [-lc] ==> lib [c]
    arg [-lnosys] ==> lib [nosys]
    arg [-lc] ==> lib [c]
    arg [-lgcc] ==> lib [gcc]
    arg [/home/vicenterey/esp/idf-tools/tools/xtensa-esp-elf/esp-13.2.0_20240305/xtensa-esp-elf/bin/../lib/gcc/xtensa-esp-elf/13.2.0/esp32/crtend.o] ==> obj [/home/vicenterey/esp/idf-tools/tools/xtensa-esp-elf/esp-13.2.0_20240305/xtensa-esp-elf/bin/../lib/gcc/xtensa-esp-elf/13.2.0/esp32/crtend.o]
    arg [/home/vicenterey/esp/idf-tools/tools/xtensa-esp-elf/esp-13.2.0_20240305/xtensa-esp-elf/bin/../lib/gcc/xtensa-esp-elf/13.2.0/esp32/crtn.o] ==> obj [/home/vicenterey/esp/idf-tools/tools/xtensa-esp-elf/esp-13.2.0_20240305/xtensa-esp-elf/bin/../lib/gcc/xtensa-esp-elf/13.2.0/esp32/crtn.o]
  collapse obj [/home/vicenterey/esp/idf-tools/tools/xtensa-esp-elf/esp-13.2.0_20240305/xtensa-esp-elf/bin/../lib/gcc/xtensa-esp-elf/13.2.0/../../../../xtensa-esp-elf/lib/esp32/crt0.o] ==> [/home/vicenterey/esp/idf-tools/tools/xtensa-esp-elf/esp-13.2.0_20240305/xtensa-esp-elf/xtensa-esp-elf/lib/esp32/crt0.o]
  collapse obj [/home/vicenterey/esp/idf-tools/tools/xtensa-esp-elf/esp-13.2.0_20240305/xtensa-esp-elf/bin/../lib/gcc/xtensa-esp-elf/13.2.0/esp32/crti.o] ==> [/home/vicenterey/esp/idf-tools/tools/xtensa-esp-elf/esp-13.2.0_20240305/xtensa-esp-elf/lib/gcc/xtensa-esp-elf/13.2.0/esp32/crti.o]
  collapse obj [/home/vicenterey/esp/idf-tools/tools/xtensa-esp-elf/esp-13.2.0_20240305/xtensa-esp-elf/bin/../lib/gcc/xtensa-esp-elf/13.2.0/esp32/crtbegin.o] ==> [/home/vicenterey/esp/idf-tools/tools/xtensa-esp-elf/esp-13.2.0_20240305/xtensa-esp-elf/lib/gcc/xtensa-esp-elf/13.2.0/esp32/crtbegin.o]
  collapse obj [/home/vicenterey/esp/idf-tools/tools/xtensa-esp-elf/esp-13.2.0_20240305/xtensa-esp-elf/bin/../lib/gcc/xtensa-esp-elf/13.2.0/esp32/crtend.o] ==> [/home/vicenterey/esp/idf-tools/tools/xtensa-esp-elf/esp-13.2.0_20240305/xtensa-esp-elf/lib/gcc/xtensa-esp-elf/13.2.0/esp32/crtend.o]
  collapse obj [/home/vicenterey/esp/idf-tools/tools/xtensa-esp-elf/esp-13.2.0_20240305/xtensa-esp-elf/bin/../lib/gcc/xtensa-esp-elf/13.2.0/esp32/crtn.o] ==> [/home/vicenterey/esp/idf-tools/tools/xtensa-esp-elf/esp-13.2.0_20240305/xtensa-esp-elf/lib/gcc/xtensa-esp-elf/13.2.0/esp32/crtn.o]
  collapse library dir [/home/vicenterey/esp/idf-tools/tools/xtensa-esp-elf/esp-13.2.0_20240305/xtensa-esp-elf/bin/../lib/gcc/xtensa-esp-elf/13.2.0/esp32] ==> [/home/vicenterey/esp/idf-tools/tools/xtensa-esp-elf/esp-13.2.0_20240305/xtensa-esp-elf/lib/gcc/xtensa-esp-elf/13.2.0/esp32]
  collapse library dir [/home/vicenterey/esp/idf-tools/tools/xtensa-esp-elf/esp-13.2.0_20240305/xtensa-esp-elf/bin/../lib/gcc/xtensa-esp-elf/13.2.0/../../../../xtensa-esp-elf/lib/esp32] ==> [/home/vicenterey/esp/idf-tools/tools/xtensa-esp-elf/esp-13.2.0_20240305/xtensa-esp-elf/xtensa-esp-elf/lib/esp32]
  collapse library dir [/home/vicenterey/esp/idf-tools/tools/xtensa-esp-elf/esp-13.2.0_20240305/xtensa-esp-elf/bin/../xtensa-esp-elf/lib/esp32] ==> [/home/vicenterey/esp/idf-tools/tools/xtensa-esp-elf/esp-13.2.0_20240305/xtensa-esp-elf/xtensa-esp-elf/lib/esp32]
  collapse library dir [/home/vicenterey/esp/idf-tools/tools/xtensa-esp-elf/esp-13.2.0_20240305/xtensa-esp-elf/bin/../lib/gcc/xtensa-esp-elf/13.2.0] ==> [/home/vicenterey/esp/idf-tools/tools/xtensa-esp-elf/esp-13.2.0_20240305/xtensa-esp-elf/lib/gcc/xtensa-esp-elf/13.2.0]
  collapse library dir [/home/vicenterey/esp/idf-tools/tools/xtensa-esp-elf/esp-13.2.0_20240305/xtensa-esp-elf/bin/../lib/gcc] ==> [/home/vicenterey/esp/idf-tools/tools/xtensa-esp-elf/esp-13.2.0_20240305/xtensa-esp-elf/lib/gcc]
  collapse library dir [/home/vicenterey/esp/idf-tools/tools/xtensa-esp-elf/esp-13.2.0_20240305/xtensa-esp-elf/bin/../lib/gcc/xtensa-esp-elf/13.2.0/../../../../xtensa-esp-elf/lib] ==> [/home/vicenterey/esp/idf-tools/tools/xtensa-esp-elf/esp-13.2.0_20240305/xtensa-esp-elf/xtensa-esp-elf/lib]
  collapse library dir [/home/vicenterey/esp/idf-tools/tools/xtensa-esp-elf/esp-13.2.0_20240305/xtensa-esp-elf/bin/../xtensa-esp-elf/lib] ==> [/home/vicenterey/esp/idf-tools/tools/xtensa-esp-elf/esp-13.2.0_20240305/xtensa-esp-elf/xtensa-esp-elf/lib]
  collapse library dir [/home/vicenterey/esp/idf-tools/tools/xtensa-esp-elf/esp-13.2.0_20240305/xtensa-esp-elf/bin/../xtensa-esp-elf/usr/lib] ==> [/home/vicenterey/esp/idf-tools/tools/xtensa-esp-elf/esp-13.2.0_20240305/xtensa-esp-elf/xtensa-esp-elf/usr/lib]
  implicit libs: [gcc;c;nosys;c;gcc]
  implicit objs: [/home/vicenterey/esp/idf-tools/tools/xtensa-esp-elf/esp-13.2.0_20240305/xtensa-esp-elf/xtensa-esp-elf/lib/esp32/crt0.o;/home/vicenterey/esp/idf-tools/tools/xtensa-esp-elf/esp-13.2.0_20240305/xtensa-esp-elf/lib/gcc/xtensa-esp-elf/13.2.0/esp32/crti.o;/home/vicenterey/esp/idf-tools/tools/xtensa-esp-elf/esp-13.2.0_20240305/xtensa-esp-elf/lib/gcc/xtensa-esp-elf/13.2.0/esp32/crtbegin.o;/home/vicenterey/esp/idf-tools/tools/xtensa-esp-elf/esp-13.2.0_20240305/xtensa-esp-elf/lib/gcc/xtensa-esp-elf/13.2.0/esp32/crtend.o;/home/vicenterey/esp/idf-tools/tools/xtensa-esp-elf/esp-13.2.0_20240305/xtensa-esp-elf/lib/gcc/xtensa-esp-elf/13.2.0/esp32/crtn.o]
  implicit dirs: [/home/vicenterey/esp/idf-tools/tools/xtensa-esp-elf/esp-13.2.0_20240305/xtensa-esp-elf/lib/gcc/xtensa-esp-elf/13.2.0/esp32;/home/vicenterey/esp/idf-tools/tools/xtensa-esp-elf/esp-13.2.0_20240305/xtensa-esp-elf/xtensa-esp-elf/lib/esp32;/home/vicenterey/esp/idf-tools/tools/xtensa-esp-elf/esp-13.2.0_20240305/xtensa-esp-elf/lib/gcc/xtensa-esp-elf/13.2.0;/home/vicenterey/esp/idf-tools/tools/xtensa-esp-elf/esp-13.2.0_20240305/xtensa-esp-elf/lib/gcc;/home/vicenterey/esp/idf-tools/tools/xtensa-esp-elf/esp-13.2.0_20240305/xtensa-esp-elf/xtensa-esp-elf/lib;/home/vicenterey/esp/idf-tools/tools/xtensa-esp-elf/esp-13.2.0_20240305/xtensa-esp-elf/xtensa-esp-elf/usr/lib]
  implicit fwks: []


Detecting CXX compiler ABI info compiled with the following output:
Change Dir: /home/vicenterey/esp/projects_tf/model/person_detection/build/CMakeFiles/CMakeTmp

Run Build Command(s):/usr/bin/gmake -f Makefile cmTC_a3ee8/fast && /usr/bin/gmake  -f CMakeFiles/cmTC_a3ee8.dir/build.make CMakeFiles/cmTC_a3ee8.dir/build
gmake[1]: Entering directory '/home/vicenterey/esp/projects_tf/model/person_detection/build/CMakeFiles/CMakeTmp'
Building CXX object CMakeFiles/cmTC_a3ee8.dir/CMakeCXXCompilerABI.cpp.obj
/home/vicenterey/esp/idf-tools/tools/xtensa-esp-elf/esp-13.2.0_20240305/xtensa-esp-elf/bin/xtensa-esp32-elf-g++   -mlongcalls -Wno-frame-address  -fno-builtin-memcpy -fno-builtin-memset -fno-builtin-bzero -fno-builtin-stpcpy -fno-builtin-strncpy    -v -o CMakeFiles/cmTC_a3ee8.dir/CMakeCXXCompilerABI.cpp.obj -c /usr/share/cmake-3.22/Modules/CMakeCXXCompilerABI.cpp
Using built-in specs.
COLLECT_GCC=/home/vicenterey/esp/idf-tools/tools/xtensa-esp-elf/esp-13.2.0_20240305/xtensa-esp-elf/bin/xtensa-esp-elf-g++
Target: xtensa-esp-elf
Configured with: /builds/idf/crosstool-NG/.build/xtensa-esp-elf/src/gcc/configure --build=x86_64-build_pc-linux-gnu --host=x86_64-build_pc-linux-gnu --target=xtensa-esp-elf --prefix=/builds/idf/crosstool-NG/builds/xtensa-esp-elf --exec_prefix=/builds/idf/crosstool-NG/builds/xtensa-esp-elf --with-local-prefix=/builds/idf/crosstool-NG/builds/xtensa-esp-elf/xtensa-esp-elf --with-sysroot=/builds/idf/crosstool-NG/builds/xtensa-esp-elf/xtensa-esp-elf --with-native-system-header-dir=/include --with-newlib --enable-threads=no --disable-shared --with-pkgversion='crosstool-NG esp-13.2.0_20240305' --disable-__cxa_atexit --enable-cxx-flags=-ffunction-sections --disable-libgomp --disable-libmudflap --disable-libmpx --disable-libssp --disable-libquadmath --disable-libquadmath-support --disable-libstdcxx-verbose --with-gmp=/builds/idf/crosstool-NG/.build/xtensa-esp-elf/buildtools --with-mpfr=/builds/idf/crosstool-NG/.build/xtensa-esp-elf/buildtools --with-mpc=/builds/idf/crosstool-NG/.build/xtensa-esp-elf/buildtools --with-isl=/builds/idf/crosstool-NG/.build/xtensa-esp-elf/buildtools --enable-lto --enable-target-optspace --without-long-double-128 --disable-nls --enable-multiarch --enable-languages=c,c++ --disable-libstdcxx-verbose --enable-threads=posix --enable-gcov-custom-rtio --enable-libstdcxx-time=yes
Thread model: posix
Supported LTO compression algorithms: zlib zstd
gcc version 13.2.0 (crosstool-NG esp-13.2.0_20240305) 
COLLECT_GCC_OPTIONS='-mdynconfig=xtensa_esp32.so' '-mlongcalls' '-Wno-frame-address' '-fno-builtin-memcpy' '-fno-builtin-memset' '-fno-builtin-bzero' '-fno-builtin-stpcpy' '-fno-builtin-strncpy' '-v' '-o' 'CMakeFiles/cmTC_a3ee8.dir/CMakeCXXCompilerABI.cpp.obj' '-c' '-dumpdir' 'CMakeFiles/cmTC_a3ee8.dir/'
 /home/vicenterey/esp/idf-tools/tools/xtensa-esp-elf/esp-13.2.0_20240305/xtensa-esp-elf/bin/../libexec/gcc/xtensa-esp-elf/13.2.0/cc1plus -quiet -v -imultilib esp32 -iprefix /home/vicenterey/esp/idf-tools/tools/xtensa-esp-elf/esp-13.2.0_20240305/xtensa-esp-elf/bin/../lib/gcc/xtensa-esp-elf/13.2.0/ -isysroot /home/vicenterey/esp/idf-tools/tools/xtensa-esp-elf/esp-13.2.0_20240305/xtensa-esp-elf/bin/../xtensa-esp-elf /usr/share/cmake-3.22/Modules/CMakeCXXCompilerABI.cpp -quiet -dumpdir CMakeFiles/cmTC_a3ee8.dir/ -dumpbase CMakeCXXCompilerABI.cpp.cpp -dumpbase-ext .cpp -mdynconfig=xtensa_esp32.so -mlongcalls -Wno-frame-address -version -fno-builtin-memcpy -fno-builtin-memset -fno-builtin-bzero -fno-builtin-stpcpy -fno-builtin-strncpy -o /tmp/ccRJ3E4b.s
GNU C++17 (crosstool-NG esp-13.2.0_20240305) version 13.2.0 (xtensa-esp-elf)
	compiled by GNU C version 4.9.2, GMP version 6.2.1, MPFR version 4.2.1, MPC version 1.2.1, isl version isl-0.26-GMP

GGC heuristics: --param ggc-min-expand=100 --param ggc-min-heapsize=131072
ignoring duplicate directory "/home/vicenterey/esp/idf-tools/tools/xtensa-esp-elf/esp-13.2.0_20240305/xtensa-esp-elf/bin/../lib/gcc/../../lib/gcc/xtensa-esp-elf/13.2.0/../../../../xtensa-esp-elf/include/c++/13.2.0"
ignoring duplicate directory "/home/vicenterey/esp/idf-tools/tools/xtensa-esp-elf/esp-13.2.0_20240305/xtensa-esp-elf/bin/../lib/gcc/../../lib/gcc/xtensa-esp-elf/13.2.0/../../../../xtensa-esp-elf/include/c++/13.2.0/xtensa-esp-elf/esp32"
ignoring duplicate directory "/home/vicenterey/esp/idf-tools/tools/xtensa-esp-elf/esp-13.2.0_20240305/xtensa-esp-elf/bin/../lib/gcc/../../lib/gcc/xtensa-esp-elf/13.2.0/../../../../xtensa-esp-elf/include/c++/13.2.0/backward"
ignoring duplicate directory "/home/vicenterey/esp/idf-tools/tools/xtensa-esp-elf/esp-13.2.0_20240305/xtensa-esp-elf/bin/../lib/gcc/../../lib/gcc/xtensa-esp-elf/13.2.0/include"
ignoring nonexistent directory "/home/vicenterey/esp/idf-tools/tools/xtensa-esp-elf/esp-13.2.0_20240305/xtensa-esp-elf/bin/../xtensa-esp-elf/builds/idf/crosstool-NG/builds/xtensa-esp-elf/xtensa-esp-elf/include"
ignoring duplicate directory "/home/vicenterey/esp/idf-tools/tools/xtensa-esp-elf/esp-13.2.0_20240305/xtensa-esp-elf/bin/../lib/gcc/../../lib/gcc/xtensa-esp-elf/13.2.0/include-fixed"
ignoring duplicate directory "/home/vicenterey/esp/idf-tools/tools/xtensa-esp-elf/esp-13.2.0_20240305/xtensa-esp-elf/bin/../lib/gcc/../../lib/gcc/xtensa-esp-elf/13.2.0/../../../../xtensa-esp-elf/include"
ignoring duplicate directory "/home/vicenterey/esp/idf-tools/tools/xtensa-esp-elf/esp-13.2.0_20240305/xtensa-esp-elf/bin/../xtensa-esp-elf/include"
#include "..." search starts here:
#include <...> search starts here:
 /home/vicenterey/esp/idf-tools/tools/xtensa-esp-elf/esp-13.2.0_20240305/xtensa-esp-elf/bin/../lib/gcc/xtensa-esp-elf/13.2.0/../../../../xtensa-esp-elf/include/c++/13.2.0
 /home/vicenterey/esp/idf-tools/tools/xtensa-esp-elf/esp-13.2.0_20240305/xtensa-esp-elf/bin/../lib/gcc/xtensa-esp-elf/13.2.0/../../../../xtensa-esp-elf/include/c++/13.2.0/xtensa-esp-elf/esp32
 /home/vicenterey/esp/idf-tools/tools/xtensa-esp-elf/esp-13.2.0_20240305/xtensa-esp-elf/bin/../lib/gcc/xtensa-esp-elf/13.2.0/../../../../xtensa-esp-elf/include/c++/13.2.0/backward
 /home/vicenterey/esp/idf-tools/tools/xtensa-esp-elf/esp-13.2.0_20240305/xtensa-esp-elf/bin/../lib/gcc/xtensa-esp-elf/13.2.0/include
 /home/vicenterey/esp/idf-tools/tools/xtensa-esp-elf/esp-13.2.0_20240305/xtensa-esp-elf/bin/../lib/gcc/xtensa-esp-elf/13.2.0/include-fixed
 /home/vicenterey/esp/idf-tools/tools/xtensa-esp-elf/esp-13.2.0_20240305/xtensa-esp-elf/bin/../lib/gcc/xtensa-esp-elf/13.2.0/../../../../xtensa-esp-elf/include
End of search list.
Compiler executable checksum: 49a688655799eb79754f2a1c3c57b2bf
COLLECT_GCC_OPTIONS='-mdynconfig=xtensa_esp32.so' '-mlongcalls' '-Wno-frame-address' '-fno-builtin-memcpy' '-fno-builtin-memset' '-fno-builtin-bzero' '-fno-builtin-stpcpy' '-fno-builtin-strncpy' '-v' '-o' 'CMakeFiles/cmTC_a3ee8.dir/CMakeCXXCompilerABI.cpp.obj' '-c' '-dumpdir' 'CMakeFiles/cmTC_a3ee8.dir/'
 /home/vicenterey/esp/idf-tools/tools/xtensa-esp-elf/esp-13.2.0_20240305/xtensa-esp-elf/bin/../lib/gcc/xtensa-esp-elf/13.2.0/../../../../xtensa-esp-elf/bin/as --traditional-format --longcalls --dynconfig=xtensa_esp32.so -o CMakeFiles/cmTC_a3ee8.dir/CMakeCXXCompilerABI.cpp.obj /tmp/ccRJ3E4b.s
COMPILER_PATH=/home/vicenterey/esp/idf-tools/tools/xtensa-esp-elf/esp-13.2.0_20240305/xtensa-esp-elf/bin/../libexec/gcc/xtensa-esp-elf/13.2.0/:/home/vicenterey/esp/idf-tools/tools/xtensa-esp-elf/esp-13.2.0_20240305/xtensa-esp-elf/bin/../libexec/gcc/:/home/vicenterey/esp/idf-tools/tools/xtensa-esp-elf/esp-13.2.0_20240305/xtensa-esp-elf/bin/../lib/gcc/xtensa-esp-elf/13.2.0/../../../../xtensa-esp-elf/bin/
LIBRARY_PATH=/home/vicenterey/esp/idf-tools/tools/xtensa-esp-elf/esp-13.2.0_20240305/xtensa-esp-elf/bin/../lib/gcc/xtensa-esp-elf/13.2.0/esp32/:/home/vicenterey/esp/idf-tools/tools/xtensa-esp-elf/esp-13.2.0_20240305/xtensa-esp-elf/bin/../lib/gcc/xtensa-esp-elf/13.2.0/../../../../xtensa-esp-elf/lib/esp32/:/home/vicenterey/esp/idf-tools/tools/xtensa-esp-elf/esp-13.2.0_20240305/xtensa-esp-elf/bin/../xtensa-esp-elf/lib/esp32/:/home/vicenterey/esp/idf-tools/tools/xtensa-esp-elf/esp-13.2.0_20240305/xtensa-esp-elf/bin/../lib/gcc/xtensa-esp-elf/13.2.0/:/home/vicenterey/esp/idf-tools/tools/xtensa-esp-elf/esp-13.2.0_20240305/xtensa-esp-elf/bin/../lib/gcc/:/home/vicenterey/esp/idf-tools/tools/xtensa-esp-elf/esp-13.2.0_20240305/xtensa-esp-elf/bin/../lib/gcc/xtensa-esp-elf/13.2.0/../../../../xtensa-esp-elf/lib/:/home/vicenterey/esp/idf-tools/tools/xtensa-esp-elf/esp-13.2.0_20240305/xtensa-esp-elf/bin/../xtensa-esp-elf/lib/:/home/vicenterey/esp/idf-tools/tools/xtensa-esp-elf/esp-13.2.0_20240305/xtensa-esp-elf/bin/../xtensa-esp-elf/usr/lib/
COLLECT_GCC_OPTIONS='-mdynconfig=xtensa_esp32.so' '-mlongcalls' '-Wno-frame-address' '-fno-builtin-memcpy' '-fno-builtin-memset' '-fno-builtin-bzero' '-fno-builtin-stpcpy' '-fno-builtin-strncpy' '-v' '-o' 'CMakeFiles/cmTC_a3ee8.dir/CMakeCXXCompilerABI.cpp.obj' '-c' '-dumpdir' 'CMakeFiles/cmTC_a3ee8.dir/CMakeCXXCompilerABI.cpp.'
Linking CXX executable cmTC_a3ee8
/usr/bin/cmake -E cmake_link_script CMakeFiles/cmTC_a3ee8.dir/link.txt --verbose=1
/home/vicenterey/esp/idf-tools/tools/xtensa-esp-elf/esp-13.2.0_20240305/xtensa-esp-elf/bin/xtensa-esp32-elf-g++ -mlongcalls -Wno-frame-address  -fno-builtin-memcpy -fno-builtin-memset -fno-builtin-bzero -fno-builtin-stpcpy -fno-builtin-strncpy   -v CMakeFiles/cmTC_a3ee8.dir/CMakeCXXCompilerABI.cpp.obj -o cmTC_a3ee8 
Using built-in specs.
COLLECT_GCC=/home/vicenterey/esp/idf-tools/tools/xtensa-esp-elf/esp-13.2.0_20240305/xtensa-esp-elf/bin/xtensa-esp-elf-g++
COLLECT_LTO_WRAPPER=/home/vicenterey/esp/idf-tools/tools/xtensa-esp-elf/esp-13.2.0_20240305/xtensa-esp-elf/bin/../libexec/gcc/xtensa-esp-elf/13.2.0/lto-wrapper
Target: xtensa-esp-elf
Configured with: /builds/idf/crosstool-NG/.build/xtensa-esp-elf/src/gcc/configure --build=x86_64-build_pc-linux-gnu --host=x86_64-build_pc-linux-gnu --target=xtensa-esp-elf --prefix=/builds/idf/crosstool-NG/builds/xtensa-esp-elf --exec_prefix=/builds/idf/crosstool-NG/builds/xtensa-esp-elf --with-local-prefix=/builds/idf/crosstool-NG/builds/xtensa-esp-elf/xtensa-esp-elf --with-sysroot=/builds/idf/crosstool-NG/builds/xtensa-esp-elf/xtensa-esp-elf --with-native-system-header-dir=/include --with-newlib --enable-threads=no --disable-shared --with-pkgversion='crosstool-NG esp-13.2.0_20240305' --disable-__cxa_atexit --enable-cxx-flags=-ffunction-sections --disable-libgomp --disable-libmudflap --disable-libmpx --disable-libssp --disable-libquadmath --disable-libquadmath-support --disable-libstdcxx-verbose --with-gmp=/builds/idf/crosstool-NG/.build/xtensa-esp-elf/buildtools --with-mpfr=/builds/idf/crosstool-NG/.build/xtensa-esp-elf/buildtools --with-mpc=/builds/idf/crosstool-NG/.build/xtensa-esp-elf/buildtools --with-isl=/builds/idf/crosstool-NG/.build/xtensa-esp-elf/buildtools --enable-lto --enable-target-optspace --without-long-double-128 --disable-nls --enable-multiarch --enable-languages=c,c++ --disable-libstdcxx-verbose --enable-threads=posix --enable-gcov-custom-rtio --enable-libstdcxx-time=yes
Thread model: posix
Supported LTO compression algorithms: zlib zstd
gcc version 13.2.0 (crosstool-NG esp-13.2.0_20240305) 
COMPILER_PATH=/home/vicenterey/esp/idf-tools/tools/xtensa-esp-elf/esp-13.2.0_20240305/xtensa-esp-elf/bin/../libexec/gcc/xtensa-esp-elf/13.2.0/:/home/vicenterey/esp/idf-tools/tools/xtensa-esp-elf/esp-13.2.0_20240305/xtensa-esp-elf/bin/../libexec/gcc/:/home/vicenterey/esp/idf-tools/tools/xtensa-esp-elf/esp-13.2.0_20240305/xtensa-esp-elf/bin/../lib/gcc/xtensa-esp-elf/13.2.0/../../../../xtensa-esp-elf/bin/
LIBRARY_PATH=/home/vicenterey/esp/idf-tools/tools/xtensa-esp-elf/esp-13.2.0_20240305/xtensa-esp-elf/bin/../lib/gcc/xtensa-esp-elf/13.2.0/esp32/:/home/vicenterey/esp/idf-tools/tools/xtensa-esp-elf/esp-13.2.0_20240305/xtensa-esp-elf/bin/../lib/gcc/xtensa-esp-elf/13.2.0/../../../../xtensa-esp-elf/lib/esp32/:/home/vicenterey/esp/idf-tools/tools/xtensa-esp-elf/esp-13.2.0_20240305/xtensa-esp-elf/bin/../xtensa-esp-elf/lib/esp32/:/home/vicenterey/esp/idf-tools/tools/xtensa-esp-elf/esp-13.2.0_20240305/xtensa-esp-elf/bin/../lib/gcc/xtensa-esp-elf/13.2.0/:/home/vicenterey/esp/idf-tools/tools/xtensa-esp-elf/esp-13.2.0_20240305/xtensa-esp-elf/bin/../lib/gcc/:/home/vicenterey/esp/idf-tools/tools/xtensa-esp-elf/esp-13.2.0_20240305/xtensa-esp-elf/bin/../lib/gcc/xtensa-esp-elf/13.2.0/../../../../xtensa-esp-elf/lib/:/home/vicenterey/esp/idf-tools/tools/xtensa-esp-elf/esp-13.2.0_20240305/xtensa-esp-elf/bin/../xtensa-esp-elf/lib/:/home/vicenterey/esp/idf-tools/tools/xtensa-esp-elf/esp-13.2.0_20240305/xtensa-esp-elf/bin/../xtensa-esp-elf/usr/lib/
COLLECT_GCC_OPTIONS='-mdynconfig=xtensa_esp32.so' '-mlongcalls' '-Wno-frame-address' '-fno-builtin-memcpy' '-fno-builtin-memset' '-fno-builtin-bzero' '-fno-builtin-stpcpy' '-fno-builtin-strncpy' '-v' '-o' 'cmTC_a3ee8' '-dumpdir' 'cmTC_a3ee8.'
 /home/vicenterey/esp/idf-tools/tools/xtensa-esp-elf/esp-13.2.0_20240305/xtensa-esp-elf/bin/../libexec/gcc/xtensa-esp-elf/13.2.0/collect2 -plugin /home/vicenterey/esp/idf-tools/tools/xtensa-esp-elf/esp-13.2.0_20240305/xtensa-esp-elf/bin/../libexec/gcc/xtensa-esp-elf/13.2.0/liblto_plugin.so -plugin-opt=/home/vicenterey/esp/idf-tools/tools/xtensa-esp-elf/esp-13.2.0_20240305/xtensa-esp-elf/bin/../libexec/gcc/xtensa-esp-elf/13.2.0/lto-wrapper -plugin-opt=-fresolution=/tmp/ccsT2zhI.res -plugin-opt=-pass-through=-lgcc -plugin-opt=-pass-through=-lc -plugin-opt=-pass-through=-lnosys -plugin-opt=-pass-through=-lc -plugin-opt=-pass-through=-lgcc --sysroot=/home/vicenterey/esp/idf-tools/tools/xtensa-esp-elf/esp-13.2.0_20240305/xtensa-esp-elf/bin/../xtensa-esp-elf --dynconfig=xtensa_esp32.so -o cmTC_a3ee8 /home/vicenterey/esp/idf-tools/tools/xtensa-esp-elf/esp-13.2.0_20240305/xtensa-esp-elf/bin/../lib/gcc/xtensa-esp-elf/13.2.0/../../../../xtensa-esp-elf/lib/esp32/crt0.o /home/vicenterey/esp/idf-tools/tools/xtensa-esp-elf/esp-13.2.0_20240305/xtensa-esp-elf/bin/../lib/gcc/xtensa-esp-elf/13.2.0/esp32/crti.o /home/vicenterey/esp/idf-tools/tools/xtensa-esp-elf/esp-13.2.0_20240305/xtensa-esp-elf/bin/../lib/gcc/xtensa-esp-elf/13.2.0/esp32/crtbegin.o -L/home/vicenterey/esp/idf-tools/tools/xtensa-esp-elf/esp-13.2.0_20240305/xtensa-esp-elf/bin/../lib/gcc/xtensa-esp-elf/13.2.0/esp32 -L/home/vicenterey/esp/idf-tools/tools/xtensa-esp-elf/esp-13.2.0_20240305/xtensa-esp-elf/bin/../lib/gcc/xtensa-esp-elf/13.2.0/../../../../xtensa-esp-elf/lib/esp32 -L/home/vicenterey/esp/idf-tools/tools/xtensa-esp-elf/esp-13.2.0_20240305/xtensa-esp-elf/bin/../xtensa-esp-elf/lib/esp32 -L/home/vicenterey/esp/idf-tools/tools/xtensa-esp-elf/esp-13.2.0_20240305/xtensa-esp-elf/bin/../lib/gcc/xtensa-esp-elf/13.2.0 -L/home/vicenterey/esp/idf-tools/tools/xtensa-esp-elf/esp-13.2.0_20240305/xtensa-esp-elf/bin/../lib/gcc -L/home/vicenterey/esp/idf-tools/tools/xtensa-esp-elf/esp-13.2.0_20240305/xtensa-esp-elf/bin/../lib/gcc/xtensa-esp-elf/13.2.0/../../../../xtensa-esp-elf/lib -L/home/vicenterey/esp/idf-tools/tools/xtensa-esp-elf/esp-13.2.0_20240305/xtensa-esp-elf/bin/../xtensa-esp-elf/lib -L/home/vicenterey/esp/idf-tools/tools/xtensa-esp-elf/esp-13.2.0_20240305/xtensa-esp-elf/bin/../xtensa-esp-elf/usr/lib CMakeFiles/cmTC_a3ee8.dir/CMakeCXXCompilerABI.cpp.obj -lstdc++ -lm -lgcc -lc -lnosys -lc -lgcc /home/vicenterey/esp/idf-tools/tools/xtensa-esp-elf/esp-13.2.0_20240305/xtensa-esp-elf/bin/../lib/gcc/xtensa-esp-elf/13.2.0/esp32/crtend.o /home/vicenterey/esp/idf-tools/tools/xtensa-esp-elf/esp-13.2.0_20240305/xtensa-esp-elf/bin/../lib/gcc/xtensa-esp-elf/13.2.0/esp32/crtn.o
COLLECT_GCC_OPTIONS='-mdynconfig=xtensa_esp32.so' '-mlongcalls' '-Wno-frame-address' '-fno-builtin-memcpy' '-fno-builtin-memset' '-fno-builtin-bzero' '-fno-builtin-stpcpy' '-fno-builtin-strncpy' '-v' '-o' 'cmTC_a3ee8' '-dumpdir' 'cmTC_a3ee8.'
gmake[1]: Leaving directory '/home/vicenterey/esp/projects_tf/model/person_detection/build/CMakeFiles/CMakeTmp'



Parsed CXX implicit include dir info from above output: rv=done
  found start of include info
  found start of implicit include info
    add: [/home/vicenterey/esp/idf-tools/tools/xtensa-esp-elf/esp-13.2.0_20240305/xtensa-esp-elf/bin/../lib/gcc/xtensa-esp-elf/13.2.0/../../../../xtensa-esp-elf/include/c++/13.2.0]
    add: [/home/vicenterey/esp/idf-tools/tools/xtensa-esp-elf/esp-13.2.0_20240305/xtensa-esp-elf/bin/../lib/gcc/xtensa-esp-elf/13.2.0/../../../../xtensa-esp-elf/include/c++/13.2.0/xtensa-esp-elf/esp32]
    add: [/home/vicenterey/esp/idf-tools/tools/xtensa-esp-elf/esp-13.2.0_20240305/xtensa-esp-elf/bin/../lib/gcc/xtensa-esp-elf/13.2.0/../../../../xtensa-esp-elf/include/c++/13.2.0/backward]
    add: [/home/vicenterey/esp/idf-tools/tools/xtensa-esp-elf/esp-13.2.0_20240305/xtensa-esp-elf/bin/../lib/gcc/xtensa-esp-elf/13.2.0/include]
    add: [/home/vicenterey/esp/idf-tools/tools/xtensa-esp-elf/esp-13.2.0_20240305/xtensa-esp-elf/bin/../lib/gcc/xtensa-esp-elf/13.2.0/include-fixed]
    add: [/home/vicenterey/esp/idf-tools/tools/xtensa-esp-elf/esp-13.2.0_20240305/xtensa-esp-elf/bin/../lib/gcc/xtensa-esp-elf/13.2.0/../../../../xtensa-esp-elf/include]
  end of search list found
  collapse include dir [/home/vicenterey/esp/idf-tools/tools/xtensa-esp-elf/esp-13.2.0_20240305/xtensa-esp-elf/bin/../lib/gcc/xtensa-esp-elf/13.2.0/../../../../xtensa-esp-elf/include/c++/13.2.0] ==> [/home/vicenterey/esp/idf-tools/tools/xtensa-esp-elf/esp-13.2.0_20240305/xtensa-esp-elf/xtensa-esp-elf/include/c++/13.2.0]
  collapse include dir [/home/vicenterey/esp/idf-tools/tools/xtensa-esp-elf/esp-13.2.0_20240305/xtensa-esp-elf/bin/../lib/gcc/xtensa-esp-elf/13.2.0/../../../../xtensa-esp-elf/include/c++/13.2.0/xtensa-esp-elf/esp32] ==> [/home/vicenterey/esp/idf-tools/tools/xtensa-esp-elf/esp-13.2.0_20240305/xtensa-esp-elf/xtensa-esp-elf/include/c++/13.2.0/xtensa-esp-elf/esp32]
  collapse include dir [/home/vicenterey/esp/idf-tools/tools/xtensa-esp-elf/esp-13.2.0_20240305/xtensa-esp-elf/bin/../lib/gcc/xtensa-esp-elf/13.2.0/../../../../xtensa-esp-elf/include/c++/13.2.0/backward] ==> [/home/vicenterey/esp/idf-tools/tools/xtensa-esp-elf/esp-13.2.0_20240305/xtensa-esp-elf/xtensa-esp-elf/include/c++/13.2.0/backward]
  collapse include dir [/home/vicenterey/esp/idf-tools/tools/xtensa-esp-elf/esp-13.2.0_20240305/xtensa-esp-elf/bin/../lib/gcc/xtensa-esp-elf/13.2.0/include] ==> [/home/vicenterey/esp/idf-tools/tools/xtensa-esp-elf/esp-13.2.0_20240305/xtensa-esp-elf/lib/gcc/xtensa-esp-elf/13.2.0/include]
  collapse include dir [/home/vicenterey/esp/idf-tools/tools/xtensa-esp-elf/esp-13.2.0_20240305/xtensa-esp-elf/bin/../lib/gcc/xtensa-esp-elf/13.2.0/include-fixed] ==> [/home/vicenterey/esp/idf-tools/tools/xtensa-esp-elf/esp-13.2.0_20240305/xtensa-esp-elf/lib/gcc/xtensa-esp-elf/13.2.0/include-fixed]
  collapse include dir [/home/vicenterey/esp/idf-tools/tools/xtensa-esp-elf/esp-13.2.0_20240305/xtensa-esp-elf/bin/../lib/gcc/xtensa-esp-elf/13.2.0/../../../../xtensa-esp-elf/include] ==> [/home/vicenterey/esp/idf-tools/tools/xtensa-esp-elf/esp-13.2.0_20240305/xtensa-esp-elf/xtensa-esp-elf/include]
  implicit include dirs: [/home/vicenterey/esp/idf-tools/tools/xtensa-esp-elf/esp-13.2.0_20240305/xtensa-esp-elf/xtensa-esp-elf/include/c++/13.2.0;/home/vicenterey/esp/idf-tools/tools/xtensa-esp-elf/esp-13.2.0_20240305/xtensa-esp-elf/xtensa-esp-elf/include/c++/13.2.0/xtensa-esp-elf/esp32;/home/vicenterey/esp/idf-tools/tools/xtensa-esp-elf/esp-13.2.0_20240305/xtensa-esp-elf/xtensa-esp-elf/include/c++/13.2.0/backward;/home/vicenterey/esp/idf-tools/tools/xtensa-esp-elf/esp-13.2.0_20240305/xtensa-esp-elf/lib/gcc/xtensa-esp-elf/13.2.0/include;/home/vicenterey/esp/idf-tools/tools/xtensa-esp-elf/esp-13.2.0_20240305/xtensa-esp-elf/lib/gcc/xtensa-esp-elf/13.2.0/include-fixed;/home/vicenterey/esp/idf-tools/tools/xtensa-esp-elf/esp-13.2.0_20240305/xtensa-esp-elf/xtensa-esp-elf/include]


Parsed CXX implicit link information from above output:
  link line regex: [^( *|.*[/\])(xtensa-esp32-elf-ld|CMAKE_LINK_STARTFILE-NOTFOUND|([^/\]+-)?ld|collect2)[^/\]*( |$)]
  ignore line: [Change Dir: /home/vicenterey/esp/projects_tf/model/person_detection/build/CMakeFiles/CMakeTmp]
  ignore line: []
  ignore line: [Run Build Command(s):/usr/bin/gmake -f Makefile cmTC_a3ee8/fast && /usr/bin/gmake  -f CMakeFiles/cmTC_a3ee8.dir/build.make CMakeFiles/cmTC_a3ee8.dir/build]
  ignore line: [gmake[1]: Entering directory '/home/vicenterey/esp/projects_tf/model/person_detection/build/CMakeFiles/CMakeTmp']
  ignore line: [Building CXX object CMakeFiles/cmTC_a3ee8.dir/CMakeCXXCompilerABI.cpp.obj]
  ignore line: [/home/vicenterey/esp/idf-tools/tools/xtensa-esp-elf/esp-13.2.0_20240305/xtensa-esp-elf/bin/xtensa-esp32-elf-g++   -mlongcalls -Wno-frame-address  -fno-builtin-memcpy -fno-builtin-memset -fno-builtin-bzero -fno-builtin-stpcpy -fno-builtin-strncpy    -v -o CMakeFiles/cmTC_a3ee8.dir/CMakeCXXCompilerABI.cpp.obj -c /usr/share/cmake-3.22/Modules/CMakeCXXCompilerABI.cpp]
  ignore line: [Using built-in specs.]
  ignore line: [COLLECT_GCC=/home/vicenterey/esp/idf-tools/tools/xtensa-esp-elf/esp-13.2.0_20240305/xtensa-esp-elf/bin/xtensa-esp-elf-g++]
  ignore line: [Target: xtensa-esp-elf]
  ignore line: [Configured with: /builds/idf/crosstool-NG/.build/xtensa-esp-elf/src/gcc/configure --build=x86_64-build_pc-linux-gnu --host=x86_64-build_pc-linux-gnu --target=xtensa-esp-elf --prefix=/builds/idf/crosstool-NG/builds/xtensa-esp-elf --exec_prefix=/builds/idf/crosstool-NG/builds/xtensa-esp-elf --with-local-prefix=/builds/idf/crosstool-NG/builds/xtensa-esp-elf/xtensa-esp-elf --with-sysroot=/builds/idf/crosstool-NG/builds/xtensa-esp-elf/xtensa-esp-elf --with-native-system-header-dir=/include --with-newlib --enable-threads=no --disable-shared --with-pkgversion='crosstool-NG esp-13.2.0_20240305' --disable-__cxa_atexit --enable-cxx-flags=-ffunction-sections --disable-libgomp --disable-libmudflap --disable-libmpx --disable-libssp --disable-libquadmath --disable-libquadmath-support --disable-libstdcxx-verbose --with-gmp=/builds/idf/crosstool-NG/.build/xtensa-esp-elf/buildtools --with-mpfr=/builds/idf/crosstool-NG/.build/xtensa-esp-elf/buildtools --with-mpc=/builds/idf/crosstool-NG/.build/xtensa-esp-elf/buildtools --with-isl=/builds/idf/crosstool-NG/.build/xtensa-esp-elf/buildtools --enable-lto --enable-target-optspace --without-long-double-128 --disable-nls --enable-multiarch --enable-languages=c c++ --disable-libstdcxx-verbose --enable-threads=posix --enable-gcov-custom-rtio --enable-libstdcxx-time=yes]
  ignore line: [Thread model: posix]
  ignore line: [Supported LTO compression algorithms: zlib zstd]
  ignore line: [gcc version 13.2.0 (crosstool-NG esp-13.2.0_20240305) ]
  ignore line: [COLLECT_GCC_OPTIONS='-mdynconfig=xtensa_esp32.so' '-mlongcalls' '-Wno-frame-address' '-fno-builtin-memcpy' '-fno-builtin-memset' '-fno-builtin-bzero' '-fno-builtin-stpcpy' '-fno-builtin-strncpy' '-v' '-o' 'CMakeFiles/cmTC_a3ee8.dir/CMakeCXXCompilerABI.cpp.obj' '-c' '-dumpdir' 'CMakeFiles/cmTC_a3ee8.dir/']
  ignore line: [ /home/vicenterey/esp/idf-tools/tools/xtensa-esp-elf/esp-13.2.0_20240305/xtensa-esp-elf/bin/../libexec/gcc/xtensa-esp-elf/13.2.0/cc1plus -quiet -v -imultilib esp32 -iprefix /home/vicenterey/esp/idf-tools/tools/xtensa-esp-elf/esp-13.2.0_20240305/xtensa-esp-elf/bin/../lib/gcc/xtensa-esp-elf/13.2.0/ -isysroot /home/vicenterey/esp/idf-tools/tools/xtensa-esp-elf/esp-13.2.0_20240305/xtensa-esp-elf/bin/../xtensa-esp-elf /usr/share/cmake-3.22/Modules/CMakeCXXCompilerABI.cpp -quiet -dumpdir CMakeFiles/cmTC_a3ee8.dir/ -dumpbase CMakeCXXCompilerABI.cpp.cpp -dumpbase-ext .cpp -mdynconfig=xtensa_esp32.so -mlongcalls -Wno-frame-address -version -fno-builtin-memcpy -fno-builtin-memset -fno-builtin-bzero -fno-builtin-stpcpy -fno-builtin-strncpy -o /tmp/ccRJ3E4b.s]
  ignore line: [GNU C++17 (crosstool-NG esp-13.2.0_20240305) version 13.2.0 (xtensa-esp-elf)]
  ignore line: [	compiled by GNU C version 4.9.2  GMP version 6.2.1  MPFR version 4.2.1  MPC version 1.2.1  isl version isl-0.26-GMP]
  ignore line: []
  ignore line: [GGC heuristics: --param ggc-min-expand=100 --param ggc-min-heapsize=131072]
  ignore line: [ignoring duplicate directory "/home/vicenterey/esp/idf-tools/tools/xtensa-esp-elf/esp-13.2.0_20240305/xtensa-esp-elf/bin/../lib/gcc/../../lib/gcc/xtensa-esp-elf/13.2.0/../../../../xtensa-esp-elf/include/c++/13.2.0"]
  ignore line: [ignoring duplicate directory "/home/vicenterey/esp/idf-tools/tools/xtensa-esp-elf/esp-13.2.0_20240305/xtensa-esp-elf/bin/../lib/gcc/../../lib/gcc/xtensa-esp-elf/13.2.0/../../../../xtensa-esp-elf/include/c++/13.2.0/xtensa-esp-elf/esp32"]
  ignore line: [ignoring duplicate directory "/home/vicenterey/esp/idf-tools/tools/xtensa-esp-elf/esp-13.2.0_20240305/xtensa-esp-elf/bin/../lib/gcc/../../lib/gcc/xtensa-esp-elf/13.2.0/../../../../xtensa-esp-elf/include/c++/13.2.0/backward"]
  ignore line: [ignoring duplicate directory "/home/vicenterey/esp/idf-tools/tools/xtensa-esp-elf/esp-13.2.0_20240305/xtensa-esp-elf/bin/../lib/gcc/../../lib/gcc/xtensa-esp-elf/13.2.0/include"]
  ignore line: [ignoring nonexistent directory "/home/vicenterey/esp/idf-tools/tools/xtensa-esp-elf/esp-13.2.0_20240305/xtensa-esp-elf/bin/../xtensa-esp-elf/builds/idf/crosstool-NG/builds/xtensa-esp-elf/xtensa-esp-elf/include"]
  ignore line: [ignoring duplicate directory "/home/vicenterey/esp/idf-tools/tools/xtensa-esp-elf/esp-13.2.0_20240305/xtensa-esp-elf/bin/../lib/gcc/../../lib/gcc/xtensa-esp-elf/13.2.0/include-fixed"]
  ignore line: [ignoring duplicate directory "/home/vicenterey/esp/idf-tools/tools/xtensa-esp-elf/esp-13.2.0_20240305/xtensa-esp-elf/bin/../lib/gcc/../../lib/gcc/xtensa-esp-elf/13.2.0/../../../../xtensa-esp-elf/include"]
  ignore line: [ignoring duplicate directory "/home/vicenterey/esp/idf-tools/tools/xtensa-esp-elf/esp-13.2.0_20240305/xtensa-esp-elf/bin/../xtensa-esp-elf/include"]
  ignore line: [#include "..." search starts here:]
  ignore line: [#include <...> search starts here:]
  ignore line: [ /home/vicenterey/esp/idf-tools/tools/xtensa-esp-elf/esp-13.2.0_20240305/xtensa-esp-elf/bin/../lib/gcc/xtensa-esp-elf/13.2.0/../../../../xtensa-esp-elf/include/c++/13.2.0]
  ignore line: [ /home/vicenterey/esp/idf-tools/tools/xtensa-esp-elf/esp-13.2.0_20240305/xtensa-esp-elf/bin/../lib/gcc/xtensa-esp-elf/13.2.0/../../../../xtensa-esp-elf/include/c++/13.2.0/xtensa-esp-elf/esp32]
  ignore line: [ /home/vicenterey/esp/idf-tools/tools/xtensa-esp-elf/esp-13.2.0_20240305/xtensa-esp-elf/bin/../lib/gcc/xtensa-esp-elf/13.2.0/../../../../xtensa-esp-elf/include/c++/13.2.0/backward]
  ignore line: [ /home/vicenterey/esp/idf-tools/tools/xtensa-esp-elf/esp-13.2.0_20240305/xtensa-esp-elf/bin/../lib/gcc/xtensa-esp-elf/13.2.0/include]
  ignore line: [ /home/vicenterey/esp/idf-tools/tools/xtensa-esp-elf/esp-13.2.0_20240305/xtensa-esp-elf/bin/../lib/gcc/xtensa-esp-elf/13.2.0/include-fixed]
  ignore line: [ /home/vicenterey/esp/idf-tools/tools/xtensa-esp-elf/esp-13.2.0_20240305/xtensa-esp-elf/bin/../lib/gcc/xtensa-esp-elf/13.2.0/../../../../xtensa-esp-elf/include]
  ignore line: [End of search list.]
  ignore line: [Compiler executable checksum: 49a688655799eb79754f2a1c3c57b2bf]
  ignore line: [COLLECT_GCC_OPTIONS='-mdynconfig=xtensa_esp32.so' '-mlongcalls' '-Wno-frame-address' '-fno-builtin-memcpy' '-fno-builtin-memset' '-fno-builtin-bzero' '-fno-builtin-stpcpy' '-fno-builtin-strncpy' '-v' '-o' 'CMakeFiles/cmTC_a3ee8.dir/CMakeCXXCompilerABI.cpp.obj' '-c' '-dumpdir' 'CMakeFiles/cmTC_a3ee8.dir/']
  ignore line: [ /home/vicenterey/esp/idf-tools/tools/xtensa-esp-elf/esp-13.2.0_20240305/xtensa-esp-elf/bin/../lib/gcc/xtensa-esp-elf/13.2.0/../../../../xtensa-esp-elf/bin/as --traditional-format --longcalls --dynconfig=xtensa_esp32.so -o CMakeFiles/cmTC_a3ee8.dir/CMakeCXXCompilerABI.cpp.obj /tmp/ccRJ3E4b.s]
  ignore line: [COMPILER_PATH=/home/vicenterey/esp/idf-tools/tools/xtensa-esp-elf/esp-13.2.0_20240305/xtensa-esp-elf/bin/../libexec/gcc/xtensa-esp-elf/13.2.0/:/home/vicenterey/esp/idf-tools/tools/xtensa-esp-elf/esp-13.2.0_20240305/xtensa-esp-elf/bin/../libexec/gcc/:/home/vicenterey/esp/idf-tools/tools/xtensa-esp-elf/esp-13.2.0_20240305/xtensa-esp-elf/bin/../lib/gcc/xtensa-esp-elf/13.2.0/../../../../xtensa-esp-elf/bin/]
  ignore line: [LIBRARY_PATH=/home/vicenterey/esp/idf-tools/tools/xtensa-esp-elf/esp-13.2.0_20240305/xtensa-esp-elf/bin/../lib/gcc/xtensa-esp-elf/13.2.0/esp32/:/home/vicenterey/esp/idf-tools/tools/xtensa-esp-elf/esp-13.2.0_20240305/xtensa-esp-elf/bin/../lib/gcc/xtensa-esp-elf/13.2.0/../../../../xtensa-esp-elf/lib/esp32/:/home/vicenterey/esp/idf-tools/tools/xtensa-esp-elf/esp-13.2.0_20240305/xtensa-esp-elf/bin/../xtensa-esp-elf/lib/esp32/:/home/vicenterey/esp/idf-tools/tools/xtensa-esp-elf/esp-13.2.0_20240305/xtensa-esp-elf/bin/../lib/gcc/xtensa-esp-elf/13.2.0/:/home/vicenterey/esp/idf-tools/tools/xtensa-esp-elf/esp-13.2.0_20240305/xtensa-esp-elf/bin/../lib/gcc/:/home/vicenterey/esp/idf-tools/tools/xtensa-esp-elf/esp-13.2.0_20240305/xtensa-esp-elf/bin/../lib/gcc/xtensa-esp-elf/13.2.0/../../../../xtensa-esp-elf/lib/:/home/vicenterey/esp/idf-tools/tools/xtensa-esp-elf/esp-13.2.0_20240305/xtensa-esp-elf/bin/../xtensa-esp-elf/lib/:/home/vicenterey/esp/idf-tools/tools/xtensa-esp-elf/esp-13.2.0_20240305/xtensa-esp-elf/bin/../xtensa-esp-elf/usr/lib/]
  ignore line: [COLLECT_GCC_OPTIONS='-mdynconfig=xtensa_esp32.so' '-mlongcalls' '-Wno-frame-address' '-fno-builtin-memcpy' '-fno-builtin-memset' '-fno-builtin-bzero' '-fno-builtin-stpcpy' '-fno-builtin-strncpy' '-v' '-o' 'CMakeFiles/cmTC_a3ee8.dir/CMakeCXXCompilerABI.cpp.obj' '-c' '-dumpdir' 'CMakeFiles/cmTC_a3ee8.dir/CMakeCXXCompilerABI.cpp.']
  ignore line: [Linking CXX executable cmTC_a3ee8]
  ignore line: [/usr/bin/cmake -E cmake_link_script CMakeFiles/cmTC_a3ee8.dir/link.txt --verbose=1]
  ignore line: [/home/vicenterey/esp/idf-tools/tools/xtensa-esp-elf/esp-13.2.0_20240305/xtensa-esp-elf/bin/xtensa-esp32-elf-g++ -mlongcalls -Wno-frame-address  -fno-builtin-memcpy -fno-builtin-memset -fno-builtin-bzero -fno-builtin-stpcpy -fno-builtin-strncpy   -v CMakeFiles/cmTC_a3ee8.dir/CMakeCXXCompilerABI.cpp.obj -o cmTC_a3ee8 ]
  ignore line: [Using built-in specs.]
  ignore line: [COLLECT_GCC=/home/vicenterey/esp/idf-tools/tools/xtensa-esp-elf/esp-13.2.0_20240305/xtensa-esp-elf/bin/xtensa-esp-elf-g++]
  ignore line: [COLLECT_LTO_WRAPPER=/home/vicenterey/esp/idf-tools/tools/xtensa-esp-elf/esp-13.2.0_20240305/xtensa-esp-elf/bin/../libexec/gcc/xtensa-esp-elf/13.2.0/lto-wrapper]
  ignore line: [Target: xtensa-esp-elf]
  ignore line: [Configured with: /builds/idf/crosstool-NG/.build/xtensa-esp-elf/src/gcc/configure --build=x86_64-build_pc-linux-gnu --host=x86_64-build_pc-linux-gnu --target=xtensa-esp-elf --prefix=/builds/idf/crosstool-NG/builds/xtensa-esp-elf --exec_prefix=/builds/idf/crosstool-NG/builds/xtensa-esp-elf --with-local-prefix=/builds/idf/crosstool-NG/builds/xtensa-esp-elf/xtensa-esp-elf --with-sysroot=/builds/idf/crosstool-NG/builds/xtensa-esp-elf/xtensa-esp-elf --with-native-system-header-dir=/include --with-newlib --enable-threads=no --disable-shared --with-pkgversion='crosstool-NG esp-13.2.0_20240305' --disable-__cxa_atexit --enable-cxx-flags=-ffunction-sections --disable-libgomp --disable-libmudflap --disable-libmpx --disable-libssp --disable-libquadmath --disable-libquadmath-support --disable-libstdcxx-verbose --with-gmp=/builds/idf/crosstool-NG/.build/xtensa-esp-elf/buildtools --with-mpfr=/builds/idf/crosstool-NG/.build/xtensa-esp-elf/buildtools --with-mpc=/builds/idf/crosstool-NG/.build/xtensa-esp-elf/buildtools --with-isl=/builds/idf/crosstool-NG/.build/xtensa-esp-elf/buildtools --enable-lto --enable-target-optspace --without-long-double-128 --disable-nls --enable-multiarch --enable-languages=c c++ --disable-libstdcxx-verbose --enable-threads=posix --enable-gcov-custom-rtio --enable-libstdcxx-time=yes]
  ignore line: [Thread model: posix]
  ignore line: [Supported LTO compression algorithms: zlib zstd]
  ignore line: [gcc version 13.2.0 (crosstool-NG esp-13.2.0_20240305) ]
  ignore line: [COMPILER_PATH=/home/vicenterey/esp/idf-tools/tools/xtensa-esp-elf/esp-13.2.0_20240305/xtensa-esp-elf/bin/../libexec/gcc/xtensa-esp-elf/13.2.0/:/home/vicenterey/esp/idf-tools/tools/xtensa-esp-elf/esp-13.2.0_20240305/xtensa-esp-elf/bin/../libexec/gcc/:/home/vicenterey/esp/idf-tools/tools/xtensa-esp-elf/esp-13.2.0_20240305/xtensa-esp-elf/bin/../lib/gcc/xtensa-esp-elf/13.2.0/../../../../xtensa-esp-elf/bin/]
  ignore line: [LIBRARY_PATH=/home/vicenterey/esp/idf-tools/tools/xtensa-esp-elf/esp-13.2.0_20240305/xtensa-esp-elf/bin/../lib/gcc/xtensa-esp-elf/13.2.0/esp32/:/home/vicenterey/esp/idf-tools/tools/xtensa-esp-elf/esp-13.2.0_20240305/xtensa-esp-elf/bin/../lib/gcc/xtensa-esp-elf/13.2.0/../../../../xtensa-esp-elf/lib/esp32/:/home/vicenterey/esp/idf-tools/tools/xtensa-esp-elf/esp-13.2.0_20240305/xtensa-esp-elf/bin/../xtensa-esp-elf/lib/esp32/:/home/vicenterey/esp/idf-tools/tools/xtensa-esp-elf/esp-13.2.0_20240305/xtensa-esp-elf/bin/../lib/gcc/xtensa-esp-elf/13.2.0/:/home/vicenterey/esp/idf-tools/tools/xtensa-esp-elf/esp-13.2.0_20240305/xtensa-esp-elf/bin/../lib/gcc/:/home/vicenterey/esp/idf-tools/tools/xtensa-esp-elf/esp-13.2.0_20240305/xtensa-esp-elf/bin/../lib/gcc/xtensa-esp-elf/13.2.0/../../../../xtensa-esp-elf/lib/:/home/vicenterey/esp/idf-tools/tools/xtensa-esp-elf/esp-13.2.0_20240305/xtensa-esp-elf/bin/../xtensa-esp-elf/lib/:/home/vicenterey/esp/idf-tools/tools/xtensa-esp-elf/esp-13.2.0_20240305/xtensa-esp-elf/bin/../xtensa-esp-elf/usr/lib/]
  ignore line: [COLLECT_GCC_OPTIONS='-mdynconfig=xtensa_esp32.so' '-mlongcalls' '-Wno-frame-address' '-fno-builtin-memcpy' '-fno-builtin-memset' '-fno-builtin-bzero' '-fno-builtin-stpcpy' '-fno-builtin-strncpy' '-v' '-o' 'cmTC_a3ee8' '-dumpdir' 'cmTC_a3ee8.']
  link line: [ /home/vicenterey/esp/idf-tools/tools/xtensa-esp-elf/esp-13.2.0_20240305/xtensa-esp-elf/bin/../libexec/gcc/xtensa-esp-elf/13.2.0/collect2 -plugin /home/vicenterey/esp/idf-tools/tools/xtensa-esp-elf/esp-13.2.0_20240305/xtensa-esp-elf/bin/../libexec/gcc/xtensa-esp-elf/13.2.0/liblto_plugin.so -plugin-opt=/home/vicenterey/esp/idf-tools/tools/xtensa-esp-elf/esp-13.2.0_20240305/xtensa-esp-elf/bin/../libexec/gcc/xtensa-esp-elf/13.2.0/lto-wrapper -plugin-opt=-fresolution=/tmp/ccsT2zhI.res -plugin-opt=-pass-through=-lgcc -plugin-opt=-pass-through=-lc -plugin-opt=-pass-through=-lnosys -plugin-opt=-pass-through=-lc -plugin-opt=-pass-through=-lgcc --sysroot=/home/vicenterey/esp/idf-tools/tools/xtensa-esp-elf/esp-13.2.0_20240305/xtensa-esp-elf/bin/../xtensa-esp-elf --dynconfig=xtensa_esp32.so -o cmTC_a3ee8 /home/vicenterey/esp/idf-tools/tools/xtensa-esp-elf/esp-13.2.0_20240305/xtensa-esp-elf/bin/../lib/gcc/xtensa-esp-elf/13.2.0/../../../../xtensa-esp-elf/lib/esp32/crt0.o /home/vicenterey/esp/idf-tools/tools/xtensa-esp-elf/esp-13.2.0_20240305/xtensa-esp-elf/bin/../lib/gcc/xtensa-esp-elf/13.2.0/esp32/crti.o /home/vicenterey/esp/idf-tools/tools/xtensa-esp-elf/esp-13.2.0_20240305/xtensa-esp-elf/bin/../lib/gcc/xtensa-esp-elf/13.2.0/esp32/crtbegin.o -L/home/vicenterey/esp/idf-tools/tools/xtensa-esp-elf/esp-13.2.0_20240305/xtensa-esp-elf/bin/../lib/gcc/xtensa-esp-elf/13.2.0/esp32 -L/home/vicenterey/esp/idf-tools/tools/xtensa-esp-elf/esp-13.2.0_20240305/xtensa-esp-elf/bin/../lib/gcc/xtensa-esp-elf/13.2.0/../../../../xtensa-esp-elf/lib/esp32 -L/home/vicenterey/esp/idf-tools/tools/xtensa-esp-elf/esp-13.2.0_20240305/xtensa-esp-elf/bin/../xtensa-esp-elf/lib/esp32 -L/home/vicenterey/esp/idf-tools/tools/xtensa-esp-elf/esp-13.2.0_20240305/xtensa-esp-elf/bin/../lib/gcc/xtensa-esp-elf/13.2.0 -L/home/vicenterey/esp/idf-tools/tools/xtensa-esp-elf/esp-13.2.0_20240305/xtensa-esp-elf/bin/../lib/gcc -L/home/vicenterey/esp/idf-tools/tools/xtensa-esp-elf/esp-13.2.0_20240305/xtensa-esp-elf/bin/../lib/gcc/xtensa-esp-elf/13.2.0/../../../../xtensa-esp-elf/lib -L/home/vicenterey/esp/idf-tools/tools/xtensa-esp-elf/esp-13.2.0_20240305/xtensa-esp-elf/bin/../xtensa-esp-elf/lib -L/home/vicenterey/esp/idf-tools/tools/xtensa-esp-elf/esp-13.2.0_20240305/xtensa-esp-elf/bin/../xtensa-esp-elf/usr/lib CMakeFiles/cmTC_a3ee8.dir/CMakeCXXCompilerABI.cpp.obj -lstdc++ -lm -lgcc -lc -lnosys -lc -lgcc /home/vicenterey/esp/idf-tools/tools/xtensa-esp-elf/esp-13.2.0_20240305/xtensa-esp-elf/bin/../lib/gcc/xtensa-esp-elf/13.2.0/esp32/crtend.o /home/vicenterey/esp/idf-tools/tools/xtensa-esp-elf/esp-13.2.0_20240305/xtensa-esp-elf/bin/../lib/gcc/xtensa-esp-elf/13.2.0/esp32/crtn.o]
    arg [/home/vicenterey/esp/idf-tools/tools/xtensa-esp-elf/esp-13.2.0_20240305/xtensa-esp-elf/bin/../libexec/gcc/xtensa-esp-elf/13.2.0/collect2] ==> ignore
    arg [-plugin] ==> ignore
    arg [/home/vicenterey/esp/idf-tools/tools/xtensa-esp-elf/esp-13.2.0_20240305/xtensa-esp-elf/bin/../libexec/gcc/xtensa-esp-elf/13.2.0/liblto_plugin.so] ==> ignore
    arg [-plugin-opt=/home/vicenterey/esp/idf-tools/tools/xtensa-esp-elf/esp-13.2.0_20240305/xtensa-esp-elf/bin/../libexec/gcc/xtensa-esp-elf/13.2.0/lto-wrapper] ==> ignore
    arg [-plugin-opt=-fresolution=/tmp/ccsT2zhI.res] ==> ignore
    arg [-plugin-opt=-pass-through=-lgcc] ==> ignore
    arg [-plugin-opt=-pass-through=-lc] ==> ignore
    arg [-plugin-opt=-pass-through=-lnosys] ==> ignore
    arg [-plugin-opt=-pass-through=-lc] ==> ignore
    arg [-plugin-opt=-pass-through=-lgcc] ==> ignore
    arg [--sysroot=/home/vicenterey/esp/idf-tools/tools/xtensa-esp-elf/esp-13.2.0_20240305/xtensa-esp-elf/bin/../xtensa-esp-elf] ==> ignore
    arg [--dynconfig=xtensa_esp32.so] ==> ignore
    arg [-o] ==> ignore
    arg [cmTC_a3ee8] ==> ignore
    arg [/home/vicenterey/esp/idf-tools/tools/xtensa-esp-elf/esp-13.2.0_20240305/xtensa-esp-elf/bin/../lib/gcc/xtensa-esp-elf/13.2.0/../../../../xtensa-esp-elf/lib/esp32/crt0.o] ==> obj [/home/vicenterey/esp/idf-tools/tools/xtensa-esp-elf/esp-13.2.0_20240305/xtensa-esp-elf/bin/../lib/gcc/xtensa-esp-elf/13.2.0/../../../../xtensa-esp-elf/lib/esp32/crt0.o]
    arg [/home/vicenterey/esp/idf-tools/tools/xtensa-esp-elf/esp-13.2.0_20240305/xtensa-esp-elf/bin/../lib/gcc/xtensa-esp-elf/13.2.0/esp32/crti.o] ==> obj [/home/vicenterey/esp/idf-tools/tools/xtensa-esp-elf/esp-13.2.0_20240305/xtensa-esp-elf/bin/../lib/gcc/xtensa-esp-elf/13.2.0/esp32/crti.o]
    arg [/home/vicenterey/esp/idf-tools/tools/xtensa-esp-elf/esp-13.2.0_20240305/xtensa-esp-elf/bin/../lib/gcc/xtensa-esp-elf/13.2.0/esp32/crtbegin.o] ==> obj [/home/vicenterey/esp/idf-tools/tools/xtensa-esp-elf/esp-13.2.0_20240305/xtensa-esp-elf/bin/../lib/gcc/xtensa-esp-elf/13.2.0/esp32/crtbegin.o]
    arg [-L/home/vicenterey/esp/idf-tools/tools/xtensa-esp-elf/esp-13.2.0_20240305/xtensa-esp-elf/bin/../lib/gcc/xtensa-esp-elf/13.2.0/esp32] ==> dir [/home/vicenterey/esp/idf-tools/tools/xtensa-esp-elf/esp-13.2.0_20240305/xtensa-esp-elf/bin/../lib/gcc/xtensa-esp-elf/13.2.0/esp32]
    arg [-L/home/vicenterey/esp/idf-tools/tools/xtensa-esp-elf/esp-13.2.0_20240305/xtensa-esp-elf/bin/../lib/gcc/xtensa-esp-elf/13.2.0/../../../../xtensa-esp-elf/lib/esp32] ==> dir [/home/vicenterey/esp/idf-tools/tools/xtensa-esp-elf/esp-13.2.0_20240305/xtensa-esp-elf/bin/../lib/gcc/xtensa-esp-elf/13.2.0/../../../../xtensa-esp-elf/lib/esp32]
    arg [-L/home/vicenterey/esp/idf-tools/tools/xtensa-esp-elf/esp-13.2.0_20240305/xtensa-esp-elf/bin/../xtensa-esp-elf/lib/esp32] ==> dir [/home/vicenterey/esp/idf-tools/tools/xtensa-esp-elf/esp-13.2.0_20240305/xtensa-esp-elf/bin/../xtensa-esp-elf/lib/esp32]
    arg [-L/home/vicenterey/esp/idf-tools/tools/xtensa-esp-elf/esp-13.2.0_20240305/xtensa-esp-elf/bin/../lib/gcc/xtensa-esp-elf/13.2.0] ==> dir [/home/vicenterey/esp/idf-tools/tools/xtensa-esp-elf/esp-13.2.0_20240305/xtensa-esp-elf/bin/../lib/gcc/xtensa-esp-elf/13.2.0]
    arg [-L/home/vicenterey/esp/idf-tools/tools/xtensa-esp-elf/esp-13.2.0_20240305/xtensa-esp-elf/bin/../lib/gcc] ==> dir [/home/vicenterey/esp/idf-tools/tools/xtensa-esp-elf/esp-13.2.0_20240305/xtensa-esp-elf/bin/../lib/gcc]
    arg [-L/home/vicenterey/esp/idf-tools/tools/xtensa-esp-elf/esp-13.2.0_20240305/xtensa-esp-elf/bin/../lib/gcc/xtensa-esp-elf/13.2.0/../../../../xtensa-esp-elf/lib] ==> dir [/home/vicenterey/esp/idf-tools/tools/xtensa-esp-elf/esp-13.2.0_20240305/xtensa-esp-elf/bin/../lib/gcc/xtensa-esp-elf/13.2.0/../../../../xtensa-esp-elf/lib]
    arg [-L/home/vicenterey/esp/idf-tools/tools/xtensa-esp-elf/esp-13.2.0_20240305/xtensa-esp-elf/bin/../xtensa-esp-elf/lib] ==> dir [/home/vicenterey/esp/idf-tools/tools/xtensa-esp-elf/esp-13.2.0_20240305/xtensa-esp-elf/bin/../xtensa-esp-elf/lib]
    arg [-L/home/vicenterey/esp/idf-tools/tools/xtensa-esp-elf/esp-13.2.0_20240305/xtensa-esp-elf/bin/../xtensa-esp-elf/usr/lib] ==> dir [/home/vicenterey/esp/idf-tools/tools/xtensa-esp-elf/esp-13.2.0_20240305/xtensa-esp-elf/bin/../xtensa-esp-elf/usr/lib]
    arg [CMakeFiles/cmTC_a3ee8.dir/CMakeCXXCompilerABI.cpp.obj] ==> ignore
    arg [-lstdc++] ==> lib [stdc++]
    arg [-lm] ==> lib [m]
    arg [-lgcc] ==> lib [gcc]
    arg [-lc] ==> lib [c]
    arg [-lnosys] ==> lib [nosys]
    arg [-lc] ==> lib [c]
    arg [-lgcc] ==> lib [gcc]
    arg [/home/vicenterey/esp/idf-tools/tools/xtensa-esp-elf/esp-13.2.0_20240305/xtensa-esp-elf/bin/../lib/gcc/xtensa-esp-elf/13.2.0/esp32/crtend.o] ==> obj [/home/vicenterey/esp/idf-tools/tools/xtensa-esp-elf/esp-13.2.0_20240305/xtensa-esp-elf/bin/../lib/gcc/xtensa-esp-elf/13.2.0/esp32/crtend.o]
    arg [/home/vicenterey/esp/idf-tools/tools/xtensa-esp-elf/esp-13.2.0_20240305/xtensa-esp-elf/bin/../lib/gcc/xtensa-esp-elf/13.2.0/esp32/crtn.o] ==> obj [/home/vicenterey/esp/idf-tools/tools/xtensa-esp-elf/esp-13.2.0_20240305/xtensa-esp-elf/bin/../lib/gcc/xtensa-esp-elf/13.2.0/esp32/crtn.o]
  collapse obj [/home/vicenterey/esp/idf-tools/tools/xtensa-esp-elf/esp-13.2.0_20240305/xtensa-esp-elf/bin/../lib/gcc/xtensa-esp-elf/13.2.0/../../../../xtensa-esp-elf/lib/esp32/crt0.o] ==> [/home/vicenterey/esp/idf-tools/tools/xtensa-esp-elf/esp-13.2.0_20240305/xtensa-esp-elf/xtensa-esp-elf/lib/esp32/crt0.o]
  collapse obj [/home/vicenterey/esp/idf-tools/tools/xtensa-esp-elf/esp-13.2.0_20240305/xtensa-esp-elf/bin/../lib/gcc/xtensa-esp-elf/13.2.0/esp32/crti.o] ==> [/home/vicenterey/esp/idf-tools/tools/xtensa-esp-elf/esp-13.2.0_20240305/xtensa-esp-elf/lib/gcc/xtensa-esp-elf/13.2.0/esp32/crti.o]
  collapse obj [/home/vicenterey/esp/idf-tools/tools/xtensa-esp-elf/esp-13.2.0_20240305/xtensa-esp-elf/bin/../lib/gcc/xtensa-esp-elf/13.2.0/esp32/crtbegin.o] ==> [/home/vicenterey/esp/idf-tools/tools/xtensa-esp-elf/esp-13.2.0_20240305/xtensa-esp-elf/lib/gcc/xtensa-esp-elf/13.2.0/esp32/crtbegin.o]
  collapse obj [/home/vicenterey/esp/idf-tools/tools/xtensa-esp-elf/esp-13.2.0_20240305/xtensa-esp-elf/bin/../lib/gcc/xtensa-esp-elf/13.2.0/esp32/crtend.o] ==> [/home/vicenterey/esp/idf-tools/tools/xtensa-esp-elf/esp-13.2.0_20240305/xtensa-esp-elf/lib/gcc/xtensa-esp-elf/13.2.0/esp32/crtend.o]
  collapse obj [/home/vicenterey/esp/idf-tools/tools/xtensa-esp-elf/esp-13.2.0_20240305/xtensa-esp-elf/bin/../lib/gcc/xtensa-esp-elf/13.2.0/esp32/crtn.o] ==> [/home/vicenterey/esp/idf-tools/tools/xtensa-esp-elf/esp-13.2.0_20240305/xtensa-esp-elf/lib/gcc/xtensa-esp-elf/13.2.0/esp32/crtn.o]
  collapse library dir [/home/vicenterey/esp/idf-tools/tools/xtensa-esp-elf/esp-13.2.0_20240305/xtensa-esp-elf/bin/../lib/gcc/xtensa-esp-elf/13.2.0/esp32] ==> [/home/vicenterey/esp/idf-tools/tools/xtensa-esp-elf/esp-13.2.0_20240305/xtensa-esp-elf/lib/gcc/xtensa-esp-elf/13.2.0/esp32]
  collapse library dir [/home/vicenterey/esp/idf-tools/tools/xtensa-esp-elf/esp-13.2.0_20240305/xtensa-esp-elf/bin/../lib/gcc/xtensa-esp-elf/13.2.0/../../../../xtensa-esp-elf/lib/esp32] ==> [/home/vicenterey/esp/idf-tools/tools/xtensa-esp-elf/esp-13.2.0_20240305/xtensa-esp-elf/xtensa-esp-elf/lib/esp32]
  collapse library dir [/home/vicenterey/esp/idf-tools/tools/xtensa-esp-elf/esp-13.2.0_20240305/xtensa-esp-elf/bin/../xtensa-esp-elf/lib/esp32] ==> [/home/vicenterey/esp/idf-tools/tools/xtensa-esp-elf/esp-13.2.0_20240305/xtensa-esp-elf/xtensa-esp-elf/lib/esp32]
  collapse library dir [/home/vicenterey/esp/idf-tools/tools/xtensa-esp-elf/esp-13.2.0_20240305/xtensa-esp-elf/bin/../lib/gcc/xtensa-esp-elf/13.2.0] ==> [/home/vicenterey/esp/idf-tools/tools/xtensa-esp-elf/esp-13.2.0_20240305/xtensa-esp-elf/lib/gcc/xtensa-esp-elf/13.2.0]
  collapse library dir [/home/vicenterey/esp/idf-tools/tools/xtensa-esp-elf/esp-13.2.0_20240305/xtensa-esp-elf/bin/../lib/gcc] ==> [/home/vicenterey/esp/idf-tools/tools/xtensa-esp-elf/esp-13.2.0_20240305/xtensa-esp-elf/lib/gcc]
  collapse library dir [/home/vicenterey/esp/idf-tools/tools/xtensa-esp-elf/esp-13.2.0_20240305/xtensa-esp-elf/bin/../lib/gcc/xtensa-esp-elf/13.2.0/../../../../xtensa-esp-elf/lib] ==> [/home/vicenterey/esp/idf-tools/tools/xtensa-esp-elf/esp-13.2.0_20240305/xtensa-esp-elf/xtensa-esp-elf/lib]
  collapse library dir [/home/vicenterey/esp/idf-tools/tools/xtensa-esp-elf/esp-13.2.0_20240305/xtensa-esp-elf/bin/../xtensa-esp-elf/lib] ==> [/home/vicenterey/esp/idf-tools/tools/xtensa-esp-elf/esp-13.2.0_20240305/xtensa-esp-elf/xtensa-esp-elf/lib]
  collapse library dir [/home/vicenterey/esp/idf-tools/tools/xtensa-esp-elf/esp-13.2.0_20240305/xtensa-esp-elf/bin/../xtensa-esp-elf/usr/lib] ==> [/home/vicenterey/esp/idf-tools/tools/xtensa-esp-elf/esp-13.2.0_20240305/xtensa-esp-elf/xtensa-esp-elf/usr/lib]
  implicit libs: [stdc++;m;gcc;c;nosys;c;gcc]
  implicit objs: [/home/vicenterey/esp/idf-tools/tools/xtensa-esp-elf/esp-13.2.0_20240305/xtensa-esp-elf/xtensa-esp-elf/lib/esp32/crt0.o;/home/vicenterey/esp/idf-tools/tools/xtensa-esp-elf/esp-13.2.0_20240305/xtensa-esp-elf/lib/gcc/xtensa-esp-elf/13.2.0/esp32/crti.o;/home/vicenterey/esp/idf-tools/tools/xtensa-esp-elf/esp-13.2.0_20240305/xtensa-esp-elf/lib/gcc/xtensa-esp-elf/13.2.0/esp32/crtbegin.o;/home/vicenterey/esp/idf-tools/tools/xtensa-esp-elf/esp-13.2.0_20240305/xtensa-esp-elf/lib/gcc/xtensa-esp-elf/13.2.0/esp32/crtend.o;/home/vicenterey/esp/idf-tools/tools/xtensa-esp-elf/esp-13.2.0_20240305/xtensa-esp-elf/lib/gcc/xtensa-esp-elf/13.2.0/esp32/crtn.o]
  implicit dirs: [/home/vicenterey/esp/idf-tools/tools/xtensa-esp-elf/esp-13.2.0_20240305/xtensa-esp-elf/lib/gcc/xtensa-esp-elf/13.2.0/esp32;/home/vicenterey/esp/idf-tools/tools/xtensa-esp-elf/esp-13.2.0_20240305/xtensa-esp-elf/xtensa-esp-elf/lib/esp32;/home/vicenterey/esp/idf-tools/tools/xtensa-esp-elf/esp-13.2.0_20240305/xtensa-esp-elf/lib/gcc/xtensa-esp-elf/13.2.0;/home/vicenterey/esp/idf-tools/tools/xtensa-esp-elf/esp-13.2.0_20240305/xtensa-esp-elf/lib/gcc;/home/vicenterey/esp/idf-tools/tools/xtensa-esp-elf/esp-13.2.0_20240305/xtensa-esp-elf/xtensa-esp-elf/lib;/home/vicenterey/esp/idf-tools/tools/xtensa-esp-elf/esp-13.2.0_20240305/xtensa-esp-elf/xtensa-esp-elf/usr/lib]
  implicit fwks: []


Performing C SOURCE FILE Test C_COMPILER_SUPPORTS_WFORMAT_SIGNEDNESS succeeded with the following output:
Change Dir: /home/vicenterey/esp/projects_tf/model/person_detection/build/CMakeFiles/CMakeTmp

Run Build Command(s):/usr/bin/gmake -f Makefile cmTC_6cb8d/fast && /usr/bin/gmake  -f CMakeFiles/cmTC_6cb8d.dir/build.make CMakeFiles/cmTC_6cb8d.dir/build
gmake[1]: Entering directory '/home/vicenterey/esp/projects_tf/model/person_detection/build/CMakeFiles/CMakeTmp'
Building C object CMakeFiles/cmTC_6cb8d.dir/src.c.obj
/home/vicenterey/esp/idf-tools/tools/xtensa-esp-elf/esp-13.2.0_20240305/xtensa-esp-elf/bin/xtensa-esp32-elf-gcc -DC_COMPILER_SUPPORTS_WFORMAT_SIGNEDNESS  -mlongcalls -Wno-frame-address  -fno-builtin-memcpy -fno-builtin-memset -fno-builtin-bzero -fno-builtin-stpcpy -fno-builtin-strncpy -Wall -Wextra -Wwrite-strings -Wformat=2 -Wno-format-nonliteral -Wvla -Wlogical-op -Wshadow    -Wformat-signedness -o CMakeFiles/cmTC_6cb8d.dir/src.c.obj -c /home/vicenterey/esp/projects_tf/model/person_detection/build/CMakeFiles/CMakeTmp/src.c
Linking C executable cmTC_6cb8d
/usr/bin/cmake -E cmake_link_script CMakeFiles/cmTC_6cb8d.dir/link.txt --verbose=1
/home/vicenterey/esp/idf-tools/tools/xtensa-esp-elf/esp-13.2.0_20240305/xtensa-esp-elf/bin/xtensa-esp32-elf-gcc -mlongcalls -Wno-frame-address  -fno-builtin-memcpy -fno-builtin-memset -fno-builtin-bzero -fno-builtin-stpcpy -fno-builtin-strncpy -Wall -Wextra -Wwrite-strings -Wformat=2 -Wno-format-nonliteral -Wvla -Wlogical-op -Wshadow  CMakeFiles/cmTC_6cb8d.dir/src.c.obj -o cmTC_6cb8d 
gmake[1]: Leaving directory '/home/vicenterey/esp/projects_tf/model/person_detection/build/CMakeFiles/CMakeTmp'


Source file was:
int main(void) { return 0; }
